2025-07-07 14:37:40,287 - INFO - 启动资金费率套利系统...
2025-07-07 14:37:40,288 - INFO - 套利引擎已启动
2025-07-07 14:38:41,156 - ERROR - 请求格式错误: {'type': 'fundingRates'}
2025-07-07 14:38:41,156 - INFO - 批量获取失败，尝试获取资金费率历史...
2025-07-07 14:38:43,841 - ERROR - 请求格式错误: {'type': 'fundingHistory', 'startTime': 1751866721156, 'endTime': 1751870321156}
2025-07-07 14:38:43,841 - WARNING - API调用失败，使用模拟资金费率数据
2025-07-07 14:38:47,036 - INFO - 成功获取到 200 个交易对
2025-07-07 14:38:47,587 - INFO - 找到套利机会: CFX, 资金费率: -0.001953
2025-07-07 14:38:49,787 - ERROR - 请求格式错误: {'type': 'tickers'}
2025-07-07 14:38:49,787 - WARNING - 批量获取价格失败，使用模拟价格数据
2025-07-07 14:38:52,784 - INFO - 成功获取到 200 个交易对
2025-07-07 14:39:53,278 - ERROR - 请求格式错误: {'type': 'fundingRates'}
2025-07-07 14:39:53,278 - INFO - 批量获取失败，尝试获取资金费率历史...
2025-07-07 14:39:56,303 - ERROR - 请求格式错误: {'type': 'fundingHistory', 'startTime': 1751866793278, 'endTime': 1751870393278}
2025-07-07 14:39:56,304 - WARNING - API调用失败，使用模拟资金费率数据
2025-07-07 14:39:59,497 - INFO - 成功获取到 200 个交易对
2025-07-07 14:39:59,991 - INFO - 找到套利机会: CFX, 资金费率: -0.001953
2025-07-07 14:40:02,275 - ERROR - 请求格式错误: {'type': 'tickers'}
2025-07-07 14:40:02,275 - WARNING - 批量获取价格失败，使用模拟价格数据
2025-07-07 14:40:05,513 - INFO - 成功获取到 200 个交易对
2025-07-07 14:41:05,998 - ERROR - 请求格式错误: {'type': 'fundingRates'}
2025-07-07 14:41:05,998 - INFO - 批量获取失败，尝试获取资金费率历史...
2025-07-07 14:41:08,998 - ERROR - 请求格式错误: {'type': 'fundingHistory', 'startTime': 1751866865998, 'endTime': 1751870465998}
2025-07-07 14:41:08,999 - WARNING - API调用失败，使用模拟资金费率数据
2025-07-07 14:41:12,496 - INFO - 成功获取到 200 个交易对
2025-07-07 14:41:12,992 - INFO - 找到套利机会: CFX, 资金费率: -0.001953
2025-07-07 14:41:15,014 - ERROR - 请求格式错误: {'type': 'tickers'}
2025-07-07 14:41:15,014 - WARNING - 批量获取价格失败，使用模拟价格数据
2025-07-07 14:41:18,479 - INFO - 成功获取到 200 个交易对
2025-07-07 14:42:19,196 - ERROR - 请求格式错误: {'type': 'fundingRates'}
2025-07-07 14:42:19,196 - INFO - 批量获取失败，尝试获取资金费率历史...
2025-07-07 14:42:21,982 - ERROR - 请求格式错误: {'type': 'fundingHistory', 'startTime': 1751866939196, 'endTime': 1751870539196}
2025-07-07 14:42:21,982 - WARNING - API调用失败，使用模拟资金费率数据
2025-07-07 14:42:25,440 - INFO - 成功获取到 200 个交易对
2025-07-07 14:42:25,957 - INFO - 找到套利机会: CFX, 资金费率: -0.001953
2025-07-07 14:42:27,982 - ERROR - 请求格式错误: {'type': 'tickers'}
2025-07-07 14:42:27,982 - WARNING - 批量获取价格失败，使用模拟价格数据
2025-07-07 14:42:31,208 - INFO - 成功获取到 200 个交易对
2025-07-07 14:43:31,752 - ERROR - 请求格式错误: {'type': 'fundingRates'}
2025-07-07 14:43:31,752 - INFO - 批量获取失败，尝试获取资金费率历史...
2025-07-07 14:43:34,701 - ERROR - 请求格式错误: {'type': 'fundingHistory', 'startTime': 1751867011753, 'endTime': 1751870611753}
2025-07-07 14:43:34,701 - WARNING - API调用失败，使用模拟资金费率数据
2025-07-07 14:43:38,041 - INFO - 成功获取到 200 个交易对
2025-07-07 14:43:38,562 - INFO - 找到套利机会: CFX, 资金费率: -0.001953
2025-07-07 14:43:40,710 - ERROR - 请求格式错误: {'type': 'tickers'}
2025-07-07 14:43:40,710 - WARNING - 批量获取价格失败，使用模拟价格数据
2025-07-07 14:43:43,928 - INFO - 成功获取到 200 个交易对
2025-07-07 14:44:44,418 - ERROR - 请求格式错误: {'type': 'fundingRates'}
2025-07-07 14:44:44,419 - INFO - 批量获取失败，尝试获取资金费率历史...
2025-07-07 14:44:47,437 - ERROR - 请求格式错误: {'type': 'fundingHistory', 'startTime': 1751867084419, 'endTime': 1751870684419}
2025-07-07 14:44:47,437 - WARNING - API调用失败，使用模拟资金费率数据
2025-07-07 14:44:50,870 - INFO - 成功获取到 200 个交易对
2025-07-07 14:44:51,379 - INFO - 找到套利机会: CFX, 资金费率: -0.001953
2025-07-07 14:44:53,424 - ERROR - 请求格式错误: {'type': 'tickers'}
2025-07-07 14:44:53,425 - WARNING - 批量获取价格失败，使用模拟价格数据
2025-07-07 14:44:56,659 - INFO - 成功获取到 200 个交易对
2025-07-07 14:46:28,384 - INFO - 收到停止信号，正在关闭系统...
2025-07-07 14:46:28,384 - INFO - 套利引擎已停止
2025-07-07 14:46:41,797 - INFO - 成功获取到 200 个交易对
2025-07-07 14:46:41,798 - INFO - API连接测试成功，获取到 200 个交易对
2025-07-07 14:46:44,320 - INFO - 成功获取到 200 个交易对
2025-07-07 14:46:47,327 - INFO - 成功获取到 200 个交易对
2025-07-07 14:46:50,356 - ERROR - 请求格式错误: {'type': 'fundingRates'}
2025-07-07 14:46:53,323 - ERROR - 请求格式错误: {'type': 'funding'}
2025-07-07 14:46:59,395 - ERROR - 请求格式错误: {'type': 'universe'}
2025-07-07 14:46:59,396 - INFO - 批量获取失败，尝试逐个获取主要交易对资金费率...
2025-07-07 14:47:39,123 - INFO - 成功获取到 200 个交易对
2025-07-07 14:47:39,123 - INFO - API连接测试成功，获取到 200 个交易对
2025-07-07 14:47:41,926 - INFO - 成功获取到 200 个交易对
2025-07-07 14:47:44,639 - INFO - 成功获取到 200 个交易对
2025-07-07 14:47:47,639 - ERROR - 请求格式错误: {'type': 'fundingRates'}
2025-07-07 14:47:50,639 - ERROR - 请求格式错误: {'type': 'funding'}
2025-07-07 14:47:56,638 - ERROR - 请求格式错误: {'type': 'universe'}
2025-07-07 14:47:56,638 - INFO - 批量获取失败，尝试逐个获取主要交易对资金费率...
2025-07-07 14:47:59,677 - INFO - 成功获取到 200 个交易对
2025-07-07 14:48:02,638 - ERROR - 请求格式错误: {'type': 'fundingRates'}
2025-07-07 14:48:05,638 - ERROR - 请求格式错误: {'type': 'funding'}
2025-07-07 14:48:11,771 - ERROR - 请求格式错误: {'type': 'universe'}
2025-07-07 14:48:11,771 - INFO - 批量获取失败，尝试逐个获取主要交易对资金费率...
2025-07-07 14:48:14,639 - INFO - 成功获取到 200 个交易对
2025-07-07 14:48:17,641 - ERROR - 请求格式错误: {'type': 'fundingRates'}
2025-07-07 14:48:20,701 - ERROR - 请求格式错误: {'type': 'funding'}
2025-07-07 14:48:26,751 - ERROR - 请求格式错误: {'type': 'universe'}
2025-07-07 14:48:26,752 - INFO - 批量获取失败，尝试逐个获取主要交易对资金费率...
2025-07-07 14:48:29,655 - INFO - 成功获取到 200 个交易对
2025-07-07 14:48:32,699 - ERROR - 请求格式错误: {'type': 'fundingRates'}
2025-07-07 14:48:35,656 - ERROR - 请求格式错误: {'type': 'funding'}
2025-07-07 14:48:38,184 - WARNING - 达到请求限制，等待 59.5 秒
2025-07-07 14:49:41,176 - ERROR - 请求格式错误: {'type': 'universe'}
2025-07-07 14:49:41,176 - INFO - 批量获取失败，尝试逐个获取主要交易对资金费率...
2025-07-07 14:49:44,416 - INFO - 成功获取到 200 个交易对
2025-07-07 14:49:47,179 - ERROR - 请求格式错误: {'type': 'fundingRates'}
2025-07-07 14:49:50,208 - ERROR - 请求格式错误: {'type': 'funding'}
2025-07-07 14:49:56,248 - ERROR - 请求格式错误: {'type': 'universe'}
2025-07-07 14:49:56,249 - INFO - 批量获取失败，尝试逐个获取主要交易对资金费率...
2025-07-07 14:49:59,413 - INFO - 成功获取到 200 个交易对
2025-07-07 14:50:02,188 - ERROR - 请求格式错误: {'type': 'fundingRates'}
2025-07-07 14:50:05,190 - ERROR - 请求格式错误: {'type': 'funding'}
2025-07-07 14:50:11,189 - ERROR - 请求格式错误: {'type': 'universe'}
2025-07-07 14:50:11,189 - INFO - 批量获取失败，尝试逐个获取主要交易对资金费率...
2025-07-07 14:50:14,424 - INFO - 成功获取到 200 个交易对
2025-07-07 14:50:17,192 - ERROR - 请求格式错误: {'type': 'fundingRates'}
2025-07-07 14:50:20,194 - ERROR - 请求格式错误: {'type': 'funding'}
2025-07-07 14:50:26,198 - ERROR - 请求格式错误: {'type': 'universe'}
2025-07-07 14:50:26,199 - INFO - 批量获取失败，尝试逐个获取主要交易对资金费率...
2025-07-07 14:50:29,194 - INFO - 成功获取到 200 个交易对
2025-07-07 14:50:32,198 - ERROR - 请求格式错误: {'type': 'fundingRates'}
2025-07-07 14:50:35,195 - ERROR - 请求格式错误: {'type': 'funding'}
2025-07-07 14:50:37,729 - WARNING - 达到请求限制，等待 59.5 秒
2025-07-07 14:51:40,734 - ERROR - 请求格式错误: {'type': 'universe'}
2025-07-07 14:51:40,734 - INFO - 批量获取失败，尝试逐个获取主要交易对资金费率...
2025-07-07 14:51:43,978 - INFO - 成功获取到 200 个交易对
2025-07-07 14:51:46,738 - ERROR - 请求格式错误: {'type': 'fundingRates'}
2025-07-07 14:51:49,740 - ERROR - 请求格式错误: {'type': 'funding'}
2025-07-07 14:51:55,745 - ERROR - 请求格式错误: {'type': 'universe'}
2025-07-07 14:51:55,745 - INFO - 批量获取失败，尝试逐个获取主要交易对资金费率...
2025-07-07 14:51:58,778 - INFO - 成功获取到 200 个交易对
2025-07-07 14:52:01,759 - ERROR - 请求格式错误: {'type': 'fundingRates'}
2025-07-07 14:52:04,748 - ERROR - 请求格式错误: {'type': 'funding'}
2025-07-07 14:52:10,747 - ERROR - 请求格式错误: {'type': 'universe'}
2025-07-07 14:52:10,747 - INFO - 批量获取失败，尝试逐个获取主要交易对资金费率...
2025-07-07 14:52:14,252 - INFO - 成功获取到 200 个交易对
2025-07-07 14:52:16,750 - ERROR - 请求格式错误: {'type': 'fundingRates'}
2025-07-07 14:52:19,747 - ERROR - 请求格式错误: {'type': 'funding'}
2025-07-07 14:52:25,830 - ERROR - 请求格式错误: {'type': 'universe'}
2025-07-07 14:52:25,830 - INFO - 批量获取失败，尝试逐个获取主要交易对资金费率...
2025-07-07 14:52:29,005 - INFO - 成功获取到 200 个交易对
2025-07-07 14:52:31,751 - ERROR - 请求格式错误: {'type': 'fundingRates'}
2025-07-07 14:52:34,747 - ERROR - 请求格式错误: {'type': 'funding'}
2025-07-07 14:52:37,276 - WARNING - 达到请求限制，等待 59.5 秒
2025-07-07 14:57:45,904 - INFO - 启动资金费率套利系统...
2025-07-07 14:57:45,905 - INFO - 套利引擎已启动
2025-07-07 14:58:46,692 - INFO - 成功获取到 200 个交易对
2025-07-07 14:58:49,626 - INFO - 批量获取失败，尝试逐个获取主要交易对资金费率...
2025-07-07 14:59:20,415 - INFO - 逐个获取到 10 个资金费率
2025-07-07 14:59:20,419 - INFO - 未找到合适的套利机会
2025-07-07 15:00:21,132 - INFO - 成功获取到 200 个交易对
2025-07-07 15:00:24,598 - INFO - 批量获取失败，尝试逐个获取主要交易对资金费率...
2025-07-07 15:00:30,880 - INFO - 收到停止信号，正在关闭系统...
2025-07-07 15:00:30,880 - INFO - 套利引擎已停止
2025-07-07 15:00:30,880 - INFO - 最终统计 - 总收益: 0.000000 USDT, 交易次数: 0
2025-07-07 23:36:10,987 - INFO - 成功获取到 200 个交易对
2025-07-07 23:36:10,989 - INFO - API连接测试成功，获取到 200 个交易对
2025-07-07 23:36:11,947 - INFO - 成功获取到 200 个交易对
2025-07-07 23:36:14,813 - INFO - 成功获取到 200 个交易对
2025-07-07 23:36:18,178 - INFO - 批量获取失败，尝试逐个获取主要交易对资金费率...
2025-07-07 23:36:48,510 - INFO - 逐个获取到 10 个资金费率
2025-07-07 23:36:50,859 - INFO - 成功获取到 200 个交易对
2025-07-07 23:36:53,841 - INFO - 批量获取失败，尝试逐个获取主要交易对价格...
2025-07-08 15:10:30,288 - INFO - 启动资金费率套利系统...
2025-07-08 15:10:30,289 - INFO - 套利引擎已启动
2025-07-08 15:11:34,110 - INFO - 成功获取到 200 个交易对
2025-07-08 15:11:36,348 - INFO - 批量获取失败，尝试逐个获取主要交易对资金费率...
2025-07-08 15:12:05,611 - INFO - 逐个获取到 10 个资金费率
2025-07-08 15:12:05,615 - INFO - 未找到合适的套利机会
2025-07-08 15:13:06,692 - INFO - 成功获取到 200 个交易对
2025-07-08 15:13:09,858 - INFO - 批量获取失败，尝试逐个获取主要交易对资金费率...
2025-07-08 15:13:40,346 - INFO - 逐个获取到 10 个资金费率
2025-07-08 15:13:40,349 - INFO - 未找到合适的套利机会
2025-07-08 15:14:24,124 - INFO - 收到停止信号，正在关闭系统...
2025-07-08 15:14:24,125 - INFO - 套利引擎已停止
2025-07-08 15:14:24,125 - INFO - 最终统计 - 总收益: 0.000000 USDT, 交易次数: 0
2025-07-08 15:26:49,680 - INFO - 启动资金费率套利系统...
2025-07-08 15:26:49,681 - INFO - 套利引擎已启动
2025-07-08 15:27:53,001 - INFO - 批量获取到 200 个资金费率
2025-07-08 15:27:53,005 - INFO - 找到套利机会: IP, 资金费率: -0.000306
2025-07-08 15:27:54,524 - INFO - 成功获取到 200 个交易对
2025-07-08 15:27:56,983 - INFO - 批量获取失败，尝试逐个获取主要交易对价格...
2025-07-08 15:27:59,495 - ERROR - 请求格式错误: {'type': 'candleSnapshot', 'coin': 'BTC', 'interval': '1m', 'startTime': 1751959616985, 'endTime': 1751959736985}
2025-07-08 15:28:02,657 - ERROR - 请求格式错误: {'type': 'candleSnapshot', 'coin': 'ETH', 'interval': '1m', 'startTime': 1751959620501, 'endTime': 1751959740501}
2025-07-08 15:28:05,503 - ERROR - 请求格式错误: {'type': 'candleSnapshot', 'coin': 'ATOM', 'interval': '1m', 'startTime': 1751959623662, 'endTime': 1751959743662}
2025-07-08 15:28:08,508 - ERROR - 请求格式错误: {'type': 'candleSnapshot', 'coin': 'MATIC', 'interval': '1m', 'startTime': 1751959626509, 'endTime': 1751959746509}
2025-07-08 15:28:11,508 - ERROR - 请求格式错误: {'type': 'candleSnapshot', 'coin': 'DYDX', 'interval': '1m', 'startTime': 1751959629513, 'endTime': 1751959749513}
2025-07-08 15:28:14,521 - ERROR - 请求格式错误: {'type': 'candleSnapshot', 'coin': 'SOL', 'interval': '1m', 'startTime': 1751959632513, 'endTime': 1751959752513}
2025-07-08 15:28:17,532 - ERROR - 请求格式错误: {'type': 'candleSnapshot', 'coin': 'AVAX', 'interval': '1m', 'startTime': 1751959635524, 'endTime': 1751959755524}
2025-07-08 15:28:20,524 - ERROR - 请求格式错误: {'type': 'candleSnapshot', 'coin': 'BNB', 'interval': '1m', 'startTime': 1751959638537, 'endTime': 1751959758537}
2025-07-08 15:28:23,527 - ERROR - 请求格式错误: {'type': 'candleSnapshot', 'coin': 'APE', 'interval': '1m', 'startTime': 1751959641526, 'endTime': 1751959761526}
2025-07-08 15:28:26,587 - ERROR - 请求格式错误: {'type': 'candleSnapshot', 'coin': 'OP', 'interval': '1m', 'startTime': 1751959644530, 'endTime': 1751959764530}
2025-07-08 15:28:27,592 - WARNING - 所有API方法都失败，使用模拟价格数据
2025-07-08 15:28:29,569 - INFO - 成功获取到 200 个交易对
2025-07-08 15:28:29,573 - WARNING - 可用保证金不足: 0.0
2025-07-08 15:28:49,038 - INFO - 收到停止信号，正在关闭系统...
2025-07-08 15:28:49,039 - INFO - 套利引擎已停止
2025-07-08 15:28:49,040 - INFO - 最终统计 - 总收益: 0.000000 USDT, 交易次数: 0
2025-07-08 15:33:29,860 - INFO - 启动资金费率套利系统...
2025-07-08 15:33:29,861 - INFO - 套利引擎已启动
2025-07-08 15:34:34,393 - INFO - 批量获取到 200 个资金费率
2025-07-08 15:34:34,398 - INFO - 找到套利机会: IP, 资金费率: -0.000297
2025-07-08 15:34:38,748 - INFO - 批量获取到 200 个价格
2025-07-08 15:34:38,748 - WARNING - 可用保证金不足: 0.0
2025-07-08 15:35:40,255 - INFO - 批量获取到 200 个资金费率
2025-07-08 15:35:40,259 - INFO - 找到套利机会: IP, 资金费率: -0.000296
2025-07-08 15:35:41,560 - INFO - 批量获取到 200 个价格
2025-07-08 15:35:41,560 - WARNING - 可用保证金不足: 0.0
2025-07-08 15:35:44,687 - INFO - 收到停止信号，正在关闭系统...
2025-07-08 15:35:44,687 - INFO - 套利引擎已停止
2025-07-08 15:35:44,687 - INFO - 最终统计 - 总收益: 0.000000 USDT, 交易次数: 0
2025-07-08 15:50:12,966 - INFO - 启动资金费率套利系统...
2025-07-08 15:50:12,966 - INFO - 套利引擎已启动
2025-07-08 15:51:18,207 - ERROR - 批量获取资金费率失败: HTTPSConnectionPool(host='api.hyperliquid.xyz', port=443): Max retries exceeded with url: /info (Caused by SSLError(SSLEOFError(8, '[SSL: UNEXPECTED_EOF_WHILE_READING] EOF occurred in violation of protocol (_ssl.c:1028)')))
2025-07-08 15:51:18,208 - WARNING - 无法获取资金费率数据
2025-07-08 15:51:18,208 - INFO - 未找到合适的套利机会
2025-07-08 15:52:22,465 - INFO - 批量获取到 200 个资金费率
2025-07-08 15:52:22,469 - INFO - 找到套利机会: IP, 资金费率: -0.000288
2025-07-08 15:52:24,397 - INFO - 批量获取到 200 个价格
2025-07-08 15:52:24,398 - WARNING - 可用保证金不足: 0.0
2025-07-08 15:53:25,717 - INFO - 批量获取到 200 个资金费率
2025-07-08 15:53:25,719 - INFO - 找到套利机会: IP, 资金费率: -0.000287
2025-07-08 15:53:26,620 - INFO - 批量获取到 200 个价格
2025-07-08 15:53:26,620 - WARNING - 可用保证金不足: 0.0
2025-07-08 15:53:26,661 - INFO - 收到停止信号，正在关闭系统...
2025-07-08 15:53:26,661 - INFO - 套利引擎已停止
2025-07-08 15:53:26,661 - INFO - 最终统计 - 总收益: 0.000000 USDT, 交易次数: 0
2025-07-08 15:57:27,599 - INFO - 启动资金费率套利系统...
2025-07-08 15:57:27,599 - INFO - 套利引擎已启动
2025-07-08 15:58:31,872 - INFO - 批量获取到 200 个资金费率
2025-07-08 15:58:31,876 - INFO - 找到套利机会: IP, 资金费率: -0.000288
2025-07-08 15:58:32,870 - INFO - 批量获取到 200 个价格
2025-07-08 15:58:32,870 - WARNING - 可用保证金不足: 0.0
2025-07-08 15:59:34,362 - INFO - 批量获取到 200 个资金费率
2025-07-08 15:59:34,367 - INFO - 找到套利机会: IP, 资金费率: -0.000288
2025-07-08 15:59:36,116 - INFO - 批量获取到 200 个价格
2025-07-08 15:59:36,116 - WARNING - 可用保证金不足: 0.0
2025-07-08 16:00:37,724 - INFO - 批量获取到 200 个资金费率
2025-07-08 16:00:37,727 - INFO - 找到套利机会: IP, 资金费率: -0.000223
2025-07-08 16:00:38,951 - INFO - 批量获取到 200 个价格
2025-07-08 16:00:38,951 - WARNING - 可用保证金不足: 0.0
2025-07-08 16:01:40,631 - INFO - 批量获取到 200 个资金费率
2025-07-08 16:01:40,635 - INFO - 找到套利机会: SOPH, 资金费率: -0.000251
2025-07-08 16:01:41,940 - INFO - 批量获取到 200 个价格
2025-07-08 16:01:41,940 - WARNING - 可用保证金不足: 0.0
2025-07-08 16:01:58,618 - INFO - 收到停止信号，正在关闭系统...
2025-07-08 16:01:58,620 - INFO - 套利引擎已停止
2025-07-08 16:01:58,620 - INFO - 最终统计 - 总收益: 0.000000 USDT, 交易次数: 0
2025-07-08 16:05:30,255 - INFO - 启动资金费率套利系统...
2025-07-08 16:05:30,255 - INFO - 套利引擎已启动
2025-07-08 16:06:33,147 - INFO - 批量获取到 200 个资金费率
2025-07-08 16:06:33,152 - INFO - 找到套利机会: IP, 资金费率: -0.000328
2025-07-08 16:06:34,223 - INFO - 批量获取到 200 个价格
2025-07-08 16:06:34,223 - WARNING - 可用保证金不足: 0.0
2025-07-08 16:07:35,777 - INFO - 批量获取到 200 个资金费率
2025-07-08 16:07:35,782 - INFO - 找到套利机会: IP, 资金费率: -0.000331
2025-07-08 16:07:36,697 - INFO - 批量获取到 200 个价格
2025-07-08 16:07:36,698 - WARNING - 可用保证金不足: 0.0
2025-07-08 16:07:42,335 - INFO - 收到停止信号，正在关闭系统...
2025-07-08 16:07:42,335 - INFO - 套利引擎已停止
2025-07-08 16:07:42,335 - INFO - 最终统计 - 总收益: 0.000000 USDT, 交易次数: 0
2025-07-08 16:10:33,703 - INFO - 启动资金费率套利系统...
2025-07-08 16:10:33,704 - INFO - 套利引擎已启动
2025-07-08 16:11:39,420 - INFO - 批量获取到 200 个资金费率
2025-07-08 16:11:39,426 - INFO - 找到套利机会: IP, 资金费率: -0.000301
2025-07-08 16:11:40,812 - INFO - 批量获取到 200 个价格
2025-07-08 16:11:40,813 - WARNING - 可用保证金不足: 0.0
2025-07-08 16:12:42,564 - INFO - 批量获取到 200 个资金费率
2025-07-08 16:12:42,568 - INFO - 找到套利机会: IP, 资金费率: -0.000296
2025-07-08 16:12:43,943 - INFO - 批量获取到 200 个价格
2025-07-08 16:12:43,943 - WARNING - 可用保证金不足: 0.0
2025-07-08 16:12:58,696 - INFO - 收到停止信号，正在关闭系统...
2025-07-08 16:12:58,696 - INFO - 套利引擎已停止
2025-07-08 16:12:58,697 - INFO - 最终统计 - 总收益: 0.000000 USDT, 交易次数: 0
2025-07-08 16:28:01,963 - INFO - 启动资金费率套利系统...
2025-07-08 16:28:01,963 - INFO - 套利引擎已启动
2025-07-08 16:37:53,794 - INFO - 收到停止信号，正在关闭系统...
2025-07-08 16:37:53,795 - INFO - 套利引擎已停止
2025-07-08 16:37:53,796 - INFO - 最终统计 - 总收益: 0.000000 USDT, 交易次数: 0
2025-07-08 16:48:02,640 - INFO - 启动资金费率套利系统...
2025-07-08 16:48:02,641 - INFO - 套利引擎已启动
2025-07-08 17:00:08,175 - INFO - 批量获取到 200 个资金费率
2025-07-08 17:00:08,180 - INFO - 找到套利机会: CELO, 资金费率: -0.001124
2025-07-08 17:00:10,081 - INFO - 批量获取到 200 个价格
2025-07-08 17:00:10,081 - WARNING - 可用保证金不足: 0.0
2025-07-08 17:01:11,522 - INFO - 批量获取到 200 个资金费率
2025-07-08 17:01:11,526 - INFO - 找到套利机会: CELO, 资金费率: -0.001181
2025-07-08 17:01:12,888 - INFO - 批量获取到 200 个价格
2025-07-08 17:01:12,889 - WARNING - 可用保证金不足: 0.0
2025-07-08 17:02:14,444 - INFO - 批量获取到 200 个资金费率
2025-07-08 17:02:14,448 - INFO - 找到套利机会: CELO, 资金费率: -0.001050
2025-07-08 17:02:15,638 - INFO - 批量获取到 200 个价格
2025-07-08 17:02:15,639 - WARNING - 可用保证金不足: 0.0
2025-07-08 17:03:17,279 - INFO - 批量获取到 200 个资金费率
2025-07-08 17:03:17,284 - INFO - 找到套利机会: CELO, 资金费率: -0.001037
2025-07-08 17:03:18,839 - INFO - 批量获取到 200 个价格
2025-07-08 17:03:18,839 - WARNING - 可用保证金不足: 0.0
2025-07-08 17:04:20,384 - INFO - 批量获取到 200 个资金费率
2025-07-08 17:04:20,388 - INFO - 找到套利机会: CELO, 资金费率: -0.001012
2025-07-08 17:04:22,262 - INFO - 批量获取到 200 个价格
2025-07-08 17:04:22,262 - WARNING - 可用保证金不足: 0.0
2025-07-08 17:05:24,772 - INFO - 批量获取到 200 个资金费率
2025-07-08 17:05:24,775 - INFO - 找到套利机会: CELO, 资金费率: -0.000987
2025-07-08 17:05:26,314 - INFO - 批量获取到 200 个价格
2025-07-08 17:05:26,315 - WARNING - 可用保证金不足: 0.0
2025-07-08 17:06:28,391 - INFO - 批量获取到 200 个资金费率
2025-07-08 17:06:28,396 - INFO - 找到套利机会: CELO, 资金费率: -0.000952
2025-07-08 17:06:30,744 - INFO - 批量获取到 200 个价格
2025-07-08 17:06:30,744 - WARNING - 可用保证金不足: 0.0
2025-07-08 17:07:32,476 - INFO - 批量获取到 200 个资金费率
2025-07-08 17:07:32,480 - INFO - 找到套利机会: CELO, 资金费率: -0.000925
2025-07-08 17:07:34,238 - INFO - 批量获取到 200 个价格
2025-07-08 17:07:34,239 - WARNING - 可用保证金不足: 0.0
2025-07-08 17:08:36,114 - INFO - 批量获取到 200 个资金费率
2025-07-08 17:08:36,119 - INFO - 找到套利机会: CELO, 资金费率: -0.000907
2025-07-08 17:08:37,707 - INFO - 批量获取到 200 个价格
2025-07-08 17:08:37,707 - WARNING - 可用保证金不足: 0.0
2025-07-08 17:09:39,310 - INFO - 批量获取到 200 个资金费率
2025-07-08 17:09:39,315 - INFO - 找到套利机会: CELO, 资金费率: -0.000885
2025-07-08 17:09:40,520 - INFO - 批量获取到 200 个价格
2025-07-08 17:09:40,520 - WARNING - 可用保证金不足: 0.0
2025-07-08 17:10:42,219 - INFO - 批量获取到 200 个资金费率
2025-07-08 17:10:42,222 - INFO - 找到套利机会: CELO, 资金费率: -0.000879
2025-07-08 17:10:44,139 - INFO - 批量获取到 200 个价格
2025-07-08 17:10:44,140 - WARNING - 可用保证金不足: 0.0
2025-07-08 17:11:45,841 - INFO - 批量获取到 200 个资金费率
2025-07-08 17:11:45,846 - INFO - 找到套利机会: CELO, 资金费率: -0.000861
2025-07-08 17:11:47,039 - INFO - 批量获取到 200 个价格
2025-07-08 17:11:47,039 - WARNING - 可用保证金不足: 0.0
2025-07-08 17:12:48,384 - INFO - 批量获取到 200 个资金费率
2025-07-08 17:12:48,390 - INFO - 找到套利机会: CELO, 资金费率: -0.000853
2025-07-08 17:12:49,629 - INFO - 批量获取到 200 个价格
2025-07-08 17:12:49,630 - WARNING - 可用保证金不足: 0.0
2025-07-08 17:13:51,478 - INFO - 批量获取到 200 个资金费率
2025-07-08 17:13:51,485 - INFO - 找到套利机会: CELO, 资金费率: -0.000858
2025-07-08 17:13:52,806 - INFO - 批量获取到 200 个价格
2025-07-08 17:13:52,806 - WARNING - 可用保证金不足: 0.0
2025-07-08 17:14:55,475 - INFO - 批量获取到 200 个资金费率
2025-07-08 17:14:55,479 - INFO - 找到套利机会: CELO, 资金费率: -0.000854
2025-07-08 17:14:57,617 - INFO - 批量获取到 200 个价格
2025-07-08 17:14:57,617 - WARNING - 可用保证金不足: 0.0
2025-07-08 17:39:07,294 - INFO - 批量获取到 200 个资金费率
2025-07-08 17:39:07,299 - INFO - 找到套利机会: CELO, 资金费率: -0.000715
2025-07-08 17:39:08,582 - INFO - 批量获取到 200 个价格
2025-07-08 17:39:08,583 - WARNING - 可用保证金不足: 0.0
2025-07-08 17:40:10,243 - INFO - 批量获取到 200 个资金费率
2025-07-08 17:40:10,248 - INFO - 找到套利机会: CELO, 资金费率: -0.000714
2025-07-08 17:40:11,508 - INFO - 批量获取到 200 个价格
2025-07-08 17:40:11,508 - WARNING - 可用保证金不足: 0.0
2025-07-08 17:41:12,957 - INFO - 批量获取到 200 个资金费率
2025-07-08 17:41:12,962 - INFO - 找到套利机会: CELO, 资金费率: -0.000712
2025-07-08 17:41:14,519 - INFO - 批量获取到 200 个价格
2025-07-08 17:41:14,519 - WARNING - 可用保证金不足: 0.0
2025-07-08 17:42:16,422 - INFO - 批量获取到 200 个资金费率
2025-07-08 17:42:16,426 - INFO - 找到套利机会: CELO, 资金费率: -0.000708
2025-07-08 17:42:18,267 - INFO - 批量获取到 200 个价格
2025-07-08 17:42:18,267 - WARNING - 可用保证金不足: 0.0
2025-07-08 17:43:19,768 - INFO - 批量获取到 200 个资金费率
2025-07-08 17:43:19,773 - INFO - 找到套利机会: CELO, 资金费率: -0.000705
2025-07-08 17:43:20,965 - INFO - 批量获取到 200 个价格
2025-07-08 17:43:20,966 - WARNING - 可用保证金不足: 0.0
2025-07-08 17:44:22,321 - INFO - 批量获取到 200 个资金费率
2025-07-08 17:44:22,325 - INFO - 找到套利机会: CELO, 资金费率: -0.000703
2025-07-08 17:44:23,338 - INFO - 批量获取到 200 个价格
2025-07-08 17:44:23,338 - WARNING - 可用保证金不足: 0.0
2025-07-08 17:45:07,969 - WARNING - wallet.json 缺少 encryption_key，已自动生成新密钥。建议重新保存配置文件！
2025-07-08 17:45:07,969 - INFO - 钱包配置已从 wallet.json 加载
2025-07-08 17:45:07,969 - INFO - 启动资金费率套利系统...
2025-07-08 17:45:07,969 - INFO - 套利引擎已启动
2025-07-08 17:45:24,726 - INFO - 批量获取到 200 个资金费率
2025-07-08 17:45:24,730 - INFO - 找到套利机会: CELO, 资金费率: -0.000700
2025-07-08 17:45:26,049 - INFO - 批量获取到 200 个价格
2025-07-08 17:45:26,050 - WARNING - 可用保证金不足: 0.0
2025-07-08 17:46:10,862 - INFO - 批量获取到 200 个资金费率
2025-07-08 17:46:10,867 - INFO - 找到套利机会: CELO, 资金费率: -0.000697
2025-07-08 17:46:12,215 - INFO - 批量获取到 200 个价格
2025-07-08 17:46:12,215 - WARNING - 可用保证金不足: 0.0
2025-07-08 17:46:27,161 - INFO - 批量获取到 200 个资金费率
2025-07-08 17:46:27,164 - INFO - 找到套利机会: CELO, 资金费率: -0.000696
2025-07-08 17:46:29,019 - INFO - 批量获取到 200 个价格
2025-07-08 17:46:29,019 - WARNING - 可用保证金不足: 0.0
2025-07-08 17:47:13,781 - INFO - 批量获取到 200 个资金费率
2025-07-08 17:47:13,784 - INFO - 找到套利机会: CELO, 资金费率: -0.000693
2025-07-08 17:47:14,471 - INFO - 批量获取到 200 个价格
2025-07-08 17:47:14,472 - WARNING - 可用保证金不足: 0.0
2025-07-08 17:47:30,562 - INFO - 批量获取到 200 个资金费率
2025-07-08 17:47:30,563 - INFO - 找到套利机会: CELO, 资金费率: -0.000691
2025-07-08 17:47:31,616 - INFO - 批量获取到 200 个价格
2025-07-08 17:47:31,616 - WARNING - 可用保证金不足: 0.0
2025-07-08 17:48:16,041 - INFO - 批量获取到 200 个资金费率
2025-07-08 17:48:16,046 - INFO - 找到套利机会: CELO, 资金费率: -0.000688
2025-07-08 17:48:17,242 - INFO - 批量获取到 200 个价格
2025-07-08 17:48:17,243 - WARNING - 可用保证金不足: 0.0
2025-07-08 17:48:33,658 - INFO - 批量获取到 200 个资金费率
2025-07-08 17:48:33,661 - INFO - 找到套利机会: CELO, 资金费率: -0.000687
2025-07-08 17:48:34,730 - INFO - 批量获取到 200 个价格
2025-07-08 17:48:34,730 - WARNING - 可用保证金不足: 0.0
2025-07-08 17:49:18,585 - INFO - 批量获取到 200 个资金费率
2025-07-08 17:49:18,587 - INFO - 找到套利机会: CELO, 资金费率: -0.000683
2025-07-08 17:49:19,748 - INFO - 批量获取到 200 个价格
2025-07-08 17:49:19,748 - WARNING - 可用保证金不足: 0.0
2025-07-08 17:49:36,476 - INFO - 批量获取到 200 个资金费率
2025-07-08 17:49:36,478 - INFO - 找到套利机会: CELO, 资金费率: -0.000681
2025-07-08 17:49:37,602 - INFO - 批量获取到 200 个价格
2025-07-08 17:49:37,602 - WARNING - 可用保证金不足: 0.0
2025-07-08 17:50:21,120 - INFO - 批量获取到 200 个资金费率
2025-07-08 17:50:21,124 - INFO - 找到套利机会: CELO, 资金费率: -0.000675
2025-07-08 17:50:22,517 - INFO - 批量获取到 200 个价格
2025-07-08 17:50:22,517 - WARNING - 可用保证金不足: 0.0
2025-07-08 17:50:38,926 - INFO - 批量获取到 200 个资金费率
2025-07-08 17:50:38,930 - INFO - 找到套利机会: CELO, 资金费率: -0.000673
2025-07-08 17:50:40,140 - INFO - 批量获取到 200 个价格
2025-07-08 17:50:40,140 - WARNING - 可用保证金不足: 0.0
2025-07-08 17:51:23,611 - INFO - 批量获取到 200 个资金费率
2025-07-08 17:51:23,615 - INFO - 找到套利机会: CELO, 资金费率: -0.000668
2025-07-08 17:51:24,644 - INFO - 批量获取到 200 个价格
2025-07-08 17:51:24,644 - WARNING - 可用保证金不足: 0.0
2025-07-08 17:51:41,466 - INFO - 批量获取到 200 个资金费率
2025-07-08 17:51:41,470 - INFO - 找到套利机会: CELO, 资金费率: -0.000666
2025-07-08 17:51:42,545 - INFO - 批量获取到 200 个价格
2025-07-08 17:51:42,545 - WARNING - 可用保证金不足: 0.0
2025-07-08 17:52:25,718 - INFO - 批量获取到 200 个资金费率
2025-07-08 17:52:25,723 - INFO - 找到套利机会: CELO, 资金费率: -0.000663
2025-07-08 17:52:27,152 - INFO - 批量获取到 200 个价格
2025-07-08 17:52:27,152 - WARNING - 可用保证金不足: 0.0
2025-07-08 17:52:44,105 - INFO - 批量获取到 200 个资金费率
2025-07-08 17:52:44,109 - INFO - 找到套利机会: CELO, 资金费率: -0.000660
2025-07-08 17:52:45,256 - INFO - 批量获取到 200 个价格
2025-07-08 17:52:45,256 - WARNING - 可用保证金不足: 0.0
2025-07-08 17:53:28,646 - INFO - 批量获取到 200 个资金费率
2025-07-08 17:53:28,651 - INFO - 找到套利机会: CELO, 资金费率: -0.000654
2025-07-08 17:53:29,689 - INFO - 批量获取到 200 个价格
2025-07-08 17:53:29,689 - WARNING - 可用保证金不足: 0.0
2025-07-08 17:53:46,356 - INFO - 批量获取到 200 个资金费率
2025-07-08 17:53:46,360 - INFO - 找到套利机会: CELO, 资金费率: -0.000652
2025-07-08 17:53:47,509 - INFO - 批量获取到 200 个价格
2025-07-08 17:53:47,509 - WARNING - 可用保证金不足: 0.0
2025-07-08 17:54:31,501 - INFO - 批量获取到 200 个资金费率
2025-07-08 17:54:31,506 - INFO - 找到套利机会: CELO, 资金费率: -0.000647
2025-07-08 17:54:32,798 - INFO - 批量获取到 200 个价格
2025-07-08 17:54:32,799 - WARNING - 可用保证金不足: 0.0
2025-07-08 17:54:49,019 - INFO - 批量获取到 200 个资金费率
2025-07-08 17:54:49,022 - INFO - 找到套利机会: CELO, 资金费率: -0.000645
2025-07-08 17:54:50,678 - INFO - 批量获取到 200 个价格
2025-07-08 17:54:50,678 - WARNING - 可用保证金不足: 0.0
2025-07-08 17:55:34,880 - INFO - 批量获取到 200 个资金费率
2025-07-08 17:55:34,885 - INFO - 找到套利机会: CELO, 资金费率: -0.000640
2025-07-08 17:55:36,307 - INFO - 批量获取到 200 个价格
2025-07-08 17:55:36,307 - WARNING - 可用保证金不足: 0.0
2025-07-08 17:55:52,246 - INFO - 批量获取到 200 个资金费率
2025-07-08 17:55:52,249 - INFO - 找到套利机会: CELO, 资金费率: -0.000637
2025-07-08 17:55:53,164 - INFO - 批量获取到 200 个价格
2025-07-08 17:55:53,165 - WARNING - 可用保证金不足: 0.0
2025-07-08 17:56:37,697 - INFO - 批量获取到 200 个资金费率
2025-07-08 17:56:37,702 - INFO - 找到套利机会: CELO, 资金费率: -0.000631
2025-07-08 17:56:38,906 - INFO - 批量获取到 200 个价格
2025-07-08 17:56:38,906 - WARNING - 可用保证金不足: 0.0
2025-07-08 17:56:54,703 - INFO - 批量获取到 200 个资金费率
2025-07-08 17:56:54,707 - INFO - 找到套利机会: CELO, 资金费率: -0.000630
2025-07-08 17:56:56,048 - INFO - 批量获取到 200 个价格
2025-07-08 17:56:56,049 - WARNING - 可用保证金不足: 0.0
2025-07-08 17:57:41,113 - INFO - 批量获取到 200 个资金费率
2025-07-08 17:57:41,118 - INFO - 找到套利机会: CELO, 资金费率: -0.000625
2025-07-08 17:57:42,767 - INFO - 批量获取到 200 个价格
2025-07-08 17:57:42,768 - WARNING - 可用保证金不足: 0.0
2025-07-08 17:58:47,595 - INFO - 批量获取到 200 个资金费率
2025-07-08 17:58:47,599 - INFO - 找到套利机会: CELO, 资金费率: -0.000618
2025-07-08 17:58:50,820 - INFO - 批量获取到 200 个价格
2025-07-08 17:58:50,820 - WARNING - 可用保证金不足: 0.0
2025-07-08 17:59:53,571 - INFO - 批量获取到 200 个资金费率
2025-07-08 17:59:53,576 - INFO - 找到套利机会: CELO, 资金费率: -0.000611
2025-07-08 17:59:55,979 - INFO - 批量获取到 200 个价格
2025-07-08 17:59:55,980 - WARNING - 可用保证金不足: 0.0
2025-07-08 18:26:07,022 - INFO - 批量获取到 200 个资金费率
2025-07-08 18:26:07,027 - INFO - 找到套利机会: SOPH, 资金费率: -0.000309
2025-07-08 18:26:08,110 - INFO - 批量获取到 200 个价格
2025-07-08 18:26:08,110 - WARNING - 可用保证金不足: 0.0
2025-07-08 18:27:09,346 - INFO - 批量获取到 200 个资金费率
2025-07-08 18:27:09,351 - INFO - 找到套利机会: SOPH, 资金费率: -0.000310
2025-07-08 18:27:11,218 - INFO - 批量获取到 200 个价格
2025-07-08 18:27:11,219 - WARNING - 可用保证金不足: 0.0
2025-07-08 18:28:07,937 - INFO - 批量获取到 200 个资金费率
2025-07-08 18:28:07,941 - INFO - 找到套利机会: SOPH, 资金费率: -0.000311
2025-07-08 18:28:09,276 - INFO - 批量获取到 200 个价格
2025-07-08 18:28:09,276 - WARNING - 可用保证金不足: 0.0
2025-07-08 18:28:12,878 - INFO - 批量获取到 200 个资金费率
2025-07-08 18:28:12,881 - INFO - 找到套利机会: SOPH, 资金费率: -0.000312
2025-07-08 18:28:13,981 - INFO - 批量获取到 200 个价格
2025-07-08 18:28:13,981 - WARNING - 可用保证金不足: 0.0
2025-07-08 18:29:10,831 - INFO - 批量获取到 200 个资金费率
2025-07-08 18:29:10,836 - INFO - 找到套利机会: SOPH, 资金费率: -0.000313
2025-07-08 18:29:11,912 - INFO - 批量获取到 200 个价格
2025-07-08 18:29:11,912 - WARNING - 可用保证金不足: 0.0
2025-07-08 18:29:15,379 - INFO - 批量获取到 200 个资金费率
2025-07-08 18:29:15,382 - INFO - 找到套利机会: SOPH, 资金费率: -0.000313
2025-07-08 18:29:16,419 - INFO - 批量获取到 200 个价格
2025-07-08 18:29:16,419 - WARNING - 可用保证金不足: 0.0
2025-07-08 18:30:13,567 - INFO - 批量获取到 200 个资金费率
2025-07-08 18:30:13,569 - INFO - 找到套利机会: SOPH, 资金费率: -0.000314
2025-07-08 18:30:14,476 - INFO - 批量获取到 200 个价格
2025-07-08 18:30:14,476 - WARNING - 可用保证金不足: 0.0
2025-07-08 18:30:18,054 - INFO - 批量获取到 200 个资金费率
2025-07-08 18:30:18,056 - INFO - 找到套利机会: SOPH, 资金费率: -0.000314
2025-07-08 18:30:19,463 - INFO - 批量获取到 200 个价格
2025-07-08 18:30:19,464 - WARNING - 可用保证金不足: 0.0
2025-07-08 18:31:18,874 - ERROR - 批量获取资金费率失败: Expecting value: line 1 column 1 (char 0)
2025-07-08 18:31:18,875 - WARNING - 无法获取资金费率数据
2025-07-08 18:31:18,875 - INFO - 未找到合适的套利机会
2025-07-08 18:31:20,291 - ERROR - 批量获取资金费率失败: Expecting value: line 1 column 1 (char 0)
2025-07-08 18:31:20,291 - WARNING - 无法获取资金费率数据
2025-07-08 18:31:20,292 - INFO - 未找到合适的套利机会
2025-07-08 18:32:19,744 - ERROR - 批量获取资金费率失败: Expecting value: line 1 column 1 (char 0)
2025-07-08 18:32:19,745 - WARNING - 无法获取资金费率数据
2025-07-08 18:32:19,745 - INFO - 未找到合适的套利机会
2025-07-08 18:32:21,132 - ERROR - 批量获取资金费率失败: Expecting value: line 1 column 1 (char 0)
2025-07-08 18:32:21,133 - WARNING - 无法获取资金费率数据
2025-07-08 18:32:21,133 - INFO - 未找到合适的套利机会
2025-07-08 18:33:20,616 - ERROR - 批量获取资金费率失败: Expecting value: line 1 column 1 (char 0)
2025-07-08 18:33:20,617 - WARNING - 无法获取资金费率数据
2025-07-08 18:33:20,617 - INFO - 未找到合适的套利机会
2025-07-08 18:33:22,013 - ERROR - 批量获取资金费率失败: Expecting value: line 1 column 1 (char 0)
2025-07-08 18:33:22,013 - WARNING - 无法获取资金费率数据
2025-07-08 18:33:22,013 - INFO - 未找到合适的套利机会
2025-07-08 18:34:31,010 - ERROR - 批量获取资金费率失败: HTTPSConnectionPool(host='api.hyperliquid.xyz', port=443): Read timed out. (read timeout=10)
2025-07-08 18:34:31,011 - WARNING - 无法获取资金费率数据
2025-07-08 18:34:31,012 - INFO - 未找到合适的套利机会
2025-07-08 18:34:32,345 - ERROR - 批量获取资金费率失败: HTTPSConnectionPool(host='api.hyperliquid.xyz', port=443): Read timed out. (read timeout=10)
2025-07-08 18:34:32,346 - WARNING - 无法获取资金费率数据
2025-07-08 18:34:32,346 - INFO - 未找到合适的套利机会
2025-07-08 18:35:33,681 - INFO - 批量获取到 200 个资金费率
2025-07-08 18:35:33,685 - INFO - 找到套利机会: SOPH, 资金费率: -0.000312
2025-07-08 18:35:34,945 - INFO - 批量获取到 200 个价格
2025-07-08 18:35:34,946 - WARNING - 可用保证金不足: 0.0
2025-07-08 18:35:35,357 - INFO - 批量获取到 200 个资金费率
2025-07-08 18:35:35,360 - INFO - 找到套利机会: SOPH, 资金费率: -0.000312
2025-07-08 18:35:36,311 - INFO - 批量获取到 200 个价格
2025-07-08 18:35:36,311 - WARNING - 可用保证金不足: 0.0
2025-07-08 18:36:36,403 - INFO - 批量获取到 200 个资金费率
2025-07-08 18:36:36,406 - INFO - 找到套利机会: SOPH, 资金费率: -0.000311
2025-07-08 18:36:37,407 - INFO - 批量获取到 200 个价格
2025-07-08 18:36:37,407 - WARNING - 可用保证金不足: 0.0
2025-07-08 18:36:37,833 - INFO - 批量获取到 200 个资金费率
2025-07-08 18:36:37,835 - INFO - 找到套利机会: SOPH, 资金费率: -0.000311
2025-07-08 18:36:39,105 - INFO - 批量获取到 200 个价格
2025-07-08 18:36:39,105 - WARNING - 可用保证金不足: 0.0
2025-07-08 18:37:39,026 - INFO - 批量获取到 200 个资金费率
2025-07-08 18:37:39,029 - INFO - 找到套利机会: SOPH, 资金费率: -0.000310
2025-07-08 18:37:40,602 - INFO - 批量获取到 200 个价格
2025-07-08 18:37:40,602 - WARNING - 可用保证金不足: 0.0
2025-07-08 18:37:40,660 - INFO - 批量获取到 200 个资金费率
2025-07-08 18:37:40,662 - INFO - 找到套利机会: SOPH, 资金费率: -0.000310
2025-07-08 18:37:41,711 - INFO - 批量获取到 200 个价格
2025-07-08 18:37:41,711 - WARNING - 可用保证金不足: 0.0
2025-07-08 18:38:41,814 - INFO - 批量获取到 200 个资金费率
2025-07-08 18:38:41,817 - INFO - 找到套利机会: SOPH, 资金费率: -0.000310
2025-07-08 18:38:43,140 - INFO - 批量获取到 200 个价格
2025-07-08 18:38:43,141 - WARNING - 可用保证金不足: 0.0
2025-07-08 18:38:43,356 - INFO - 批量获取到 200 个资金费率
2025-07-08 18:38:43,358 - INFO - 找到套利机会: SOPH, 资金费率: -0.000310
2025-07-08 18:38:44,604 - INFO - 批量获取到 200 个价格
2025-07-08 18:38:44,604 - WARNING - 可用保证金不足: 0.0
2025-07-08 18:39:44,442 - INFO - 批量获取到 200 个资金费率
2025-07-08 18:39:44,448 - INFO - 找到套利机会: SOPH, 资金费率: -0.000309
2025-07-08 18:39:45,235 - INFO - 批量获取到 200 个价格
2025-07-08 18:39:45,235 - WARNING - 可用保证金不足: 0.0
2025-07-08 18:39:46,033 - INFO - 批量获取到 200 个资金费率
2025-07-08 18:39:46,036 - INFO - 找到套利机会: SOPH, 资金费率: -0.000309
2025-07-08 18:39:47,299 - INFO - 批量获取到 200 个价格
2025-07-08 18:39:47,299 - WARNING - 可用保证金不足: 0.0
2025-07-08 18:40:47,324 - INFO - 批量获取到 200 个资金费率
2025-07-08 18:40:47,327 - INFO - 找到套利机会: SOPH, 资金费率: -0.000309
2025-07-08 18:40:48,344 - INFO - 批量获取到 200 个价格
2025-07-08 18:40:48,345 - WARNING - 可用保证金不足: 0.0
2025-07-08 18:40:48,671 - INFO - 批量获取到 200 个资金费率
2025-07-08 18:40:48,674 - INFO - 找到套利机会: SOPH, 资金费率: -0.000309
2025-07-08 18:40:49,944 - INFO - 批量获取到 200 个价格
2025-07-08 18:40:49,944 - WARNING - 可用保证金不足: 0.0
2025-07-08 18:41:49,593 - INFO - 批量获取到 200 个资金费率
2025-07-08 18:41:49,596 - INFO - 找到套利机会: SOPH, 资金费率: -0.000307
2025-07-08 18:41:50,692 - INFO - 批量获取到 200 个价格
2025-07-08 18:41:50,692 - WARNING - 可用保证金不足: 0.0
2025-07-08 18:41:51,406 - INFO - 批量获取到 200 个资金费率
2025-07-08 18:41:51,408 - INFO - 找到套利机会: SOPH, 资金费率: -0.000307
2025-07-08 18:41:52,445 - INFO - 批量获取到 200 个价格
2025-07-08 18:41:52,446 - WARNING - 可用保证金不足: 0.0
2025-07-08 18:42:52,226 - INFO - 批量获取到 200 个资金费率
2025-07-08 18:42:52,230 - INFO - 找到套利机会: SOPH, 资金费率: -0.000307
2025-07-08 18:42:53,248 - INFO - 批量获取到 200 个价格
2025-07-08 18:42:53,248 - WARNING - 可用保证金不足: 0.0
2025-07-08 18:42:53,934 - INFO - 批量获取到 200 个资金费率
2025-07-08 18:42:53,936 - INFO - 找到套利机会: SOPH, 资金费率: -0.000307
2025-07-08 18:42:55,230 - INFO - 批量获取到 200 个价格
2025-07-08 18:42:55,230 - WARNING - 可用保证金不足: 0.0
2025-07-08 18:43:54,432 - INFO - 批量获取到 200 个资金费率
2025-07-08 18:43:54,435 - INFO - 找到套利机会: SOPH, 资金费率: -0.000307
2025-07-08 18:43:55,460 - INFO - 批量获取到 200 个价格
2025-07-08 18:43:55,461 - WARNING - 可用保证金不足: 0.0
2025-07-08 18:43:56,839 - INFO - 批量获取到 200 个资金费率
2025-07-08 18:43:56,842 - INFO - 找到套利机会: SOPH, 资金费率: -0.000307
2025-07-08 18:43:57,613 - INFO - 批量获取到 200 个价格
2025-07-08 18:43:57,613 - WARNING - 可用保证金不足: 0.0
2025-07-08 18:44:56,860 - INFO - 批量获取到 200 个资金费率
2025-07-08 18:44:56,863 - INFO - 找到套利机会: SOPH, 资金费率: -0.000305
2025-07-08 18:44:57,893 - INFO - 批量获取到 200 个价格
2025-07-08 18:44:57,893 - WARNING - 可用保证金不足: 0.0
2025-07-08 18:56:58,988 - INFO - 收到停止信号，正在关闭系统...
2025-07-08 18:56:58,990 - INFO - 套利引擎已停止
2025-07-08 18:56:58,990 - INFO - 最终统计 - 总收益: 0.000000 USDT, 交易次数: 0
2025-07-08 19:03:18,532 - WARNING - wallet.json 缺少 encryption_key，已自动生成新密钥。建议重新保存配置文件！
2025-07-08 19:03:18,532 - INFO - 钱包配置已从 wallet.json 加载
2025-07-08 19:03:18,532 - INFO - 启动资金费率套利系统...
2025-07-08 19:03:18,532 - INFO - 套利引擎已启动
2025-07-08 19:04:21,672 - INFO - 批量获取到 200 个资金费率
2025-07-08 19:04:21,676 - INFO - 找到套利机会: SOPH, 资金费率: -0.000245
2025-07-08 19:04:22,878 - INFO - 批量获取到 200 个价格
2025-07-08 19:04:22,878 - WARNING - 可用保证金不足: 0.0
2025-07-08 19:05:13,855 - INFO - 收到停止信号，正在关闭系统...
2025-07-08 19:05:13,855 - INFO - 套利引擎已停止
2025-07-08 19:05:13,855 - INFO - 最终统计 - 总收益: 0.000000 USDT, 交易次数: 0
2025-07-08 19:13:08,100 - INFO - 批量获取到 200 个资金费率
2025-07-08 19:13:08,105 - INFO - 找到套利机会: SOPH, 资金费率: -0.000232
2025-07-08 19:13:09,649 - INFO - 批量获取到 200 个价格
2025-07-08 19:13:09,650 - WARNING - 可用保证金不足: 0.0
2025-07-08 19:14:11,328 - INFO - 批量获取到 200 个资金费率
2025-07-08 19:14:11,331 - INFO - 找到套利机会: SOPH, 资金费率: -0.000232
2025-07-08 19:14:12,408 - INFO - 批量获取到 200 个价格
2025-07-08 19:14:12,408 - WARNING - 可用保证金不足: 0.0
2025-07-08 19:14:40,430 - WARNING - wallet.json 缺少 encryption_key，已自动生成新密钥。建议重新保存配置文件！
2025-07-08 19:14:40,431 - ERROR - 加载钱包配置失败: 'encrypted_private_key'
2025-07-08 19:14:40,431 - INFO - 启动资金费率套利系统...
2025-07-08 19:14:40,431 - INFO - 套利引擎已启动
2025-07-08 19:15:13,932 - INFO - 批量获取到 200 个资金费率
2025-07-08 19:15:13,935 - INFO - 找到套利机会: SOPH, 资金费率: -0.000232
2025-07-08 19:15:14,757 - INFO - 批量获取到 200 个价格
2025-07-08 19:15:14,759 - WARNING - 可用保证金不足: 0.0
2025-07-08 19:15:42,659 - INFO - 批量获取到 200 个资金费率
2025-07-08 19:15:42,662 - INFO - 找到套利机会: SOPH, 资金费率: -0.000232
2025-07-08 19:15:43,530 - INFO - 批量获取到 200 个价格
2025-07-08 19:15:53,245 - INFO - 收到停止信号，正在关闭系统...
2025-07-08 19:15:53,246 - INFO - 套利引擎已停止
2025-07-08 19:15:53,246 - INFO - 最终统计 - 总收益: 0.000000 USDT, 交易次数: 0
2025-07-08 19:16:16,005 - INFO - 批量获取到 200 个资金费率
2025-07-08 19:16:16,009 - INFO - 找到套利机会: SOPH, 资金费率: -0.000232
2025-07-08 19:16:16,958 - INFO - 批量获取到 200 个价格
2025-07-08 19:16:16,958 - WARNING - 可用保证金不足: 0.0
2025-07-08 19:16:37,176 - INFO - 钱包配置已从 wallet.json 加载
2025-07-08 19:16:37,176 - INFO - 启动资金费率套利系统...
2025-07-08 19:16:37,177 - INFO - 套利引擎已启动
2025-07-08 19:17:18,252 - INFO - 批量获取到 200 个资金费率
2025-07-08 19:17:18,255 - INFO - 找到套利机会: SOPH, 资金费率: -0.000233
2025-07-08 19:17:19,319 - INFO - 批量获取到 200 个价格
2025-07-08 19:17:19,319 - WARNING - 可用保证金不足: 0.0
2025-07-08 19:17:40,005 - INFO - 批量获取到 200 个资金费率
2025-07-08 19:17:40,008 - INFO - 找到套利机会: SOPH, 资金费率: -0.000232
2025-07-08 19:17:41,062 - INFO - 批量获取到 200 个价格
2025-07-08 19:18:16,523 - INFO - 收到停止信号，正在关闭系统...
2025-07-08 19:18:16,523 - INFO - 套利引擎已停止
2025-07-08 19:18:16,524 - INFO - 最终统计 - 总收益: 0.000000 USDT, 交易次数: 0
2025-07-08 19:18:21,064 - INFO - 批量获取到 200 个资金费率
2025-07-08 19:18:21,067 - INFO - 找到套利机会: SOPH, 资金费率: -0.000230
2025-07-08 19:18:22,964 - INFO - 批量获取到 200 个价格
2025-07-08 19:18:22,965 - WARNING - 可用保证金不足: 0.0
2025-07-08 19:18:31,942 - INFO - 收到停止信号，正在关闭系统...
2025-07-08 19:18:31,942 - INFO - 套利引擎已停止
2025-07-08 19:18:31,942 - INFO - 最终统计 - 总收益: 0.000000 USDT, 交易次数: 0
2025-07-08 19:19:23,266 - INFO - 钱包配置已从 wallet.json 加载
2025-07-08 19:19:23,267 - INFO - 启动资金费率套利系统...
2025-07-08 19:19:23,267 - INFO - 套利引擎已启动
2025-07-08 19:20:25,956 - INFO - 批量获取到 200 个资金费率
2025-07-08 19:20:25,959 - INFO - 找到套利机会: SOPH, 资金费率: -0.000229
2025-07-08 19:20:26,885 - INFO - 批量获取到 200 个价格
2025-07-08 19:21:06,444 - INFO - 收到停止信号，正在关闭系统...
2025-07-08 19:21:06,446 - INFO - 套利引擎已停止
2025-07-08 19:21:06,446 - INFO - 最终统计 - 总收益: 0.000000 USDT, 交易次数: 0
2025-07-08 19:31:10,051 - INFO - 钱包配置已从 wallet.json 加载
2025-07-08 19:31:11,613 - INFO - [系统启动] 平台账户余额: 98.92 USDC, 可用保证金: 98.92 USDC
2025-07-08 19:31:11,616 - INFO - 启动资金费率套利系统...
2025-07-08 19:31:11,617 - INFO - 套利引擎已启动
2025-07-08 19:31:33,638 - INFO - 收到停止信号，正在关闭系统...
2025-07-08 19:31:33,639 - INFO - 套利引擎已停止
2025-07-08 19:31:33,639 - INFO - 最终统计 - 总收益: 0.000000 USDT, 交易次数: 0
2025-07-08 19:50:43,959 - INFO - 钱包配置已从 wallet.json 加载
2025-07-08 19:50:45,383 - INFO - [系统启动] 平台账户余额: 98.92 USDC, 可用保证金: 98.92 USDC
2025-07-08 19:50:45,386 - INFO - 启动资金费率套利系统...
2025-07-08 19:50:45,386 - INFO - 套利引擎已启动
2025-07-08 19:51:45,602 - WARNING - [策略执行前] 未检测到钱包地址，无法查询平台余额
2025-07-08 19:51:48,391 - INFO - 批量获取到 200 个资金费率
2025-07-08 19:51:48,396 - INFO - 找到套利机会: SOPH, 资金费率: -0.000245
2025-07-08 19:51:49,680 - INFO - 批量获取到 200 个价格
2025-07-08 19:51:49,680 - ERROR - 未检测到钱包地址，无法查询余额
2025-07-08 19:52:10,369 - INFO - 收到停止信号，正在关闭系统...
2025-07-08 19:52:10,370 - INFO - 套利引擎已停止
2025-07-08 19:52:10,370 - INFO - 最终统计 - 总收益: 0.000000 USDT, 交易次数: 0
2025-07-08 19:57:05,889 - INFO - 钱包配置已从 wallet.json 加载
2025-07-08 19:57:08,179 - INFO - [系统启动] 平台账户余额: 98.92 USDC, 可用保证金: 98.92 USDC
2025-07-08 19:57:08,181 - INFO - 启动资金费率套利系统...
2025-07-08 19:57:08,181 - INFO - 套利引擎已启动
2025-07-08 19:58:08,379 - WARNING - [策略执行前] 未检测到钱包地址，无法查询平台余额
2025-07-08 19:58:10,224 - INFO - 批量获取到 200 个资金费率
2025-07-08 19:58:10,228 - INFO - 找到套利机会: SOPH, 资金费率: -0.000253
2025-07-08 19:58:11,491 - INFO - 批量获取到 200 个价格
2025-07-08 19:58:11,491 - ERROR - 未检测到钱包地址，无法查询余额
2025-07-08 19:59:02,416 - INFO - 收到停止信号，正在关闭系统...
2025-07-08 19:59:02,417 - INFO - 套利引擎已停止
2025-07-08 19:59:02,417 - INFO - 最终统计 - 总收益: 0.000000 USDT, 交易次数: 0
2025-07-08 20:02:49,612 - INFO - 钱包配置已从 wallet.json 加载
2025-07-08 20:02:51,016 - INFO - [系统启动] 平台账户余额: 98.92 USDC, 可用保证金: 98.92 USDC
2025-07-08 20:02:51,017 - INFO - 启动资金费率套利系统...
2025-07-08 20:02:51,017 - INFO - 套利引擎已启动
2025-07-08 20:03:52,492 - INFO - [策略执行前] 平台账户余额: 98.92 USDC, 可用保证金: 98.92 USDC
2025-07-08 20:03:54,632 - INFO - 批量获取到 200 个资金费率
2025-07-08 20:03:54,636 - INFO - 找到套利机会: SOPH, 资金费率: -0.000267
2025-07-08 20:03:55,651 - INFO - 批量获取到 200 个价格
2025-07-08 20:03:57,111 - INFO - [策略执行中] 平台账户余额: 98.92 USDC, 可用保证金: 98.92 USDC
2025-07-08 20:03:58,357 - INFO - [策略执行后] 平台账户余额: 98.92 USDC, 可用保证金: 98.92 USDC
2025-07-08 20:05:00,035 - INFO - [策略执行前] 平台账户余额: 98.92 USDC, 可用保证金: 98.92 USDC
2025-07-08 20:06:01,831 - INFO - [策略执行前] 平台账户余额: 98.92 USDC, 可用保证金: 98.92 USDC
2025-07-08 20:07:03,791 - INFO - [策略执行前] 平台账户余额: 98.92 USDC, 可用保证金: 98.92 USDC
2025-07-08 20:08:05,218 - INFO - [策略执行前] 平台账户余额: 98.92 USDC, 可用保证金: 98.92 USDC
2025-07-08 20:08:06,953 - INFO - 批量获取到 200 个资金费率
2025-07-08 20:08:06,958 - INFO - 找到套利机会: SOPH, 资金费率: -0.000264
2025-07-08 20:08:08,101 - INFO - 批量获取到 200 个价格
2025-07-08 20:08:10,470 - INFO - [策略执行中] 平台账户余额: 98.92 USDC, 可用保证金: 98.92 USDC
2025-07-08 20:08:11,810 - INFO - [策略执行后] 平台账户余额: 98.92 USDC, 可用保证金: 98.92 USDC
2025-07-08 20:08:14,433 - INFO - 收到停止信号，正在关闭系统...
2025-07-08 20:08:14,433 - INFO - 套利引擎已停止
2025-07-08 20:08:14,433 - INFO - 最终统计 - 总收益: 0.000000 USDT, 交易次数: 0
2025-07-08 20:09:13,223 - INFO - 钱包配置已从 wallet.json 加载
2025-07-08 20:09:14,545 - INFO - [系统启动] 平台账户余额: 98.92 USDC, 可用保证金: 98.92 USDC
2025-07-08 20:09:14,547 - INFO - 启动资金费率套利系统...
2025-07-08 20:09:14,547 - INFO - 套利引擎已启动
2025-07-08 20:10:16,073 - INFO - [策略执行前] 平台账户余额: 98.92 USDC, 可用保证金: 98.92 USDC
2025-07-08 20:10:19,410 - INFO - 批量获取到 200 个资金费率
2025-07-08 20:10:19,415 - INFO - 找到套利机会: SOPH, 资金费率: -0.000277
2025-07-08 20:10:20,666 - INFO - 批量获取到 200 个价格
2025-07-08 20:10:21,918 - INFO - [策略执行中] 平台账户余额: 98.92 USDC, 可用保证金: 98.92 USDC
2025-07-08 20:10:23,196 - INFO - [策略执行后] 平台账户余额: 98.92 USDC, 可用保证金: 98.92 USDC
2025-07-08 20:11:24,672 - INFO - [策略执行前] 平台账户余额: 98.92 USDC, 可用保证金: 98.92 USDC
2025-07-08 20:11:25,471 - INFO - 批量获取到 200 个资金费率
2025-07-08 20:11:25,474 - INFO - 找到套利机会: SOPH, 资金费率: -0.000283
2025-07-08 20:11:26,067 - INFO - 批量获取到 200 个价格
2025-07-08 20:11:28,246 - INFO - [策略执行中] 平台账户余额: 98.92 USDC, 可用保证金: 98.92 USDC
2025-07-08 20:11:29,523 - INFO - [策略执行后] 平台账户余额: 98.92 USDC, 可用保证金: 98.92 USDC
2025-07-08 20:12:31,040 - INFO - [策略执行前] 平台账户余额: 98.92 USDC, 可用保证金: 98.92 USDC
2025-07-08 20:12:32,729 - INFO - 批量获取到 200 个资金费率
2025-07-08 20:12:32,733 - INFO - 找到套利机会: SOPH, 资金费率: -0.000290
2025-07-08 20:12:34,128 - INFO - 批量获取到 200 个价格
2025-07-08 20:12:35,540 - INFO - [策略执行中] 平台账户余额: 98.92 USDC, 可用保证金: 98.92 USDC
2025-07-08 20:12:42,411 - INFO - [策略执行后] 平台账户余额: 98.92 USDC, 可用保证金: 98.92 USDC
2025-07-08 20:12:43,010 - INFO - 收到停止信号，正在关闭系统...
2025-07-08 20:12:43,010 - INFO - 套利引擎已停止
2025-07-08 20:12:43,010 - INFO - 最终统计 - 总收益: 0.000000 USDT, 交易次数: 0
2025-07-08 20:12:44,165 - INFO - 钱包配置已从 wallet.json 加载
2025-07-08 20:12:45,453 - INFO - [系统启动] 平台账户余额: 98.92 USDC, 可用保证金: 98.92 USDC
2025-07-08 20:12:45,453 - INFO - 启动资金费率套利系统...
2025-07-08 20:12:45,454 - INFO - 套利引擎已启动
2025-07-08 20:13:46,880 - INFO - [策略执行前] 平台账户余额: 98.92 USDC, 可用保证金: 98.92 USDC
2025-07-08 20:13:49,629 - INFO - 批量获取到 200 个资金费率
2025-07-08 20:13:49,633 - INFO - 找到套利机会: SOPH, 资金费率: -0.000295
2025-07-08 20:13:50,690 - INFO - 批量获取到 200 个价格
2025-07-08 20:13:52,911 - INFO - [策略执行中] 平台账户余额: 98.92 USDC, 可用保证金: 98.92 USDC
2025-07-08 20:13:52,912 - ERROR - 执行套利策略失败: 'WalletManager' object has no attribute 'place_order'
2025-07-08 20:14:04,326 - INFO - 收到停止信号，正在关闭系统...
2025-07-08 20:14:04,327 - INFO - 套利引擎已停止
2025-07-08 20:14:04,327 - INFO - 最终统计 - 总收益: 0.000000 USDT, 交易次数: 0
2025-07-08 20:14:57,359 - INFO - 钱包配置已从 wallet.json 加载
2025-07-08 20:14:58,795 - INFO - [系统启动] 平台账户余额: 98.92 USDC, 可用保证金: 98.92 USDC
2025-07-08 20:14:58,796 - INFO - 启动资金费率套利系统...
2025-07-08 20:14:58,796 - INFO - 套利引擎已启动
2025-07-08 20:16:00,635 - INFO - [策略执行前] 平台账户余额: 98.92 USDC, 可用保证金: 98.92 USDC
2025-07-08 20:17:03,808 - INFO - [策略执行前] 平台账户余额: 98.92 USDC, 可用保证金: 98.92 USDC
2025-07-08 20:18:07,469 - INFO - [策略执行前] 平台账户余额: 98.92 USDC, 可用保证金: 98.92 USDC
2025-07-08 20:18:10,618 - INFO - 批量获取到 200 个资金费率
2025-07-08 20:18:10,624 - INFO - 找到套利机会: SOPH, 资金费率: -0.000305
2025-07-08 20:18:11,815 - INFO - 批量获取到 200 个价格
2025-07-08 20:18:13,498 - INFO - [策略执行中] 平台账户余额: 98.92 USDC, 可用保证金: 98.92 USDC
2025-07-08 20:18:14,805 - ERROR - 下单失败: 404 Client Error: Not Found for url: https://api.hyperliquid.xyz/submit
2025-07-08 20:18:14,805 - INFO - 下单结果: {'status': 'failed', 'error': '404 Client Error: Not Found for url: https://api.hyperliquid.xyz/submit'}
2025-07-08 20:18:14,805 - ERROR - 下单失败: {'status': 'failed', 'error': '404 Client Error: Not Found for url: https://api.hyperliquid.xyz/submit'}
2025-07-08 20:19:05,802 - INFO - 收到停止信号，正在关闭系统...
2025-07-08 20:19:05,803 - INFO - 套利引擎已停止
2025-07-08 20:19:05,803 - INFO - 最终统计 - 总收益: 0.000000 USDT, 交易次数: 0
2025-07-08 20:19:07,405 - INFO - 钱包配置已从 wallet.json 加载
2025-07-08 20:19:09,380 - INFO - [系统启动] 平台账户余额: 98.92 USDC, 可用保证金: 98.92 USDC
2025-07-08 20:19:09,381 - INFO - 启动资金费率套利系统...
2025-07-08 20:19:09,382 - INFO - 套利引擎已启动
2025-07-08 20:20:13,557 - INFO - [策略执行前] 平台账户余额: 98.92 USDC, 可用保证金: 98.92 USDC
2025-07-08 20:20:18,117 - INFO - 批量获取到 200 个资金费率
2025-07-08 20:20:18,120 - INFO - 找到套利机会: SOPH, 资金费率: -0.000310
2025-07-08 20:20:19,366 - INFO - 批量获取到 200 个价格
2025-07-08 20:20:20,650 - INFO - [策略执行中] 平台账户余额: 98.92 USDC, 可用保证金: 98.92 USDC
2025-07-08 20:20:21,889 - ERROR - 下单失败: 422 Client Error: Unprocessable Entity for url: https://api.hyperliquid.xyz/exchange
2025-07-08 20:20:21,889 - INFO - 下单结果: {'status': 'failed', 'error': '422 Client Error: Unprocessable Entity for url: https://api.hyperliquid.xyz/exchange'}
2025-07-08 20:20:21,889 - ERROR - 下单失败: {'status': 'failed', 'error': '422 Client Error: Unprocessable Entity for url: https://api.hyperliquid.xyz/exchange'}
2025-07-08 20:20:26,731 - INFO - 收到停止信号，正在关闭系统...
2025-07-08 20:20:26,731 - INFO - 套利引擎已停止
2025-07-08 20:20:26,732 - INFO - 最终统计 - 总收益: 0.000000 USDT, 交易次数: 0
2025-07-08 20:22:07,729 - INFO - 钱包配置已从 wallet.json 加载
2025-07-08 20:22:09,348 - INFO - [系统启动] 平台账户余额: 98.92 USDC, 可用保证金: 98.92 USDC
2025-07-08 20:22:09,349 - INFO - 启动资金费率套利系统...
2025-07-08 20:22:09,349 - INFO - 套利引擎已启动
2025-07-08 20:23:11,589 - INFO - [策略执行前] 平台账户余额: 98.92 USDC, 可用保证金: 98.92 USDC
2025-07-08 20:23:14,857 - INFO - 批量获取到 200 个资金费率
2025-07-08 20:23:14,863 - INFO - 找到套利机会: SOPH, 资金费率: -0.000313
2025-07-08 20:23:16,113 - INFO - 批量获取到 200 个价格
2025-07-08 20:23:17,407 - INFO - [策略执行中] 平台账户余额: 98.92 USDC, 可用保证金: 98.92 USDC
2025-07-08 20:23:19,755 - ERROR - 下单失败: 422 Client Error: Unprocessable Entity for url: https://api.hyperliquid.xyz/exchange
2025-07-08 20:23:19,755 - INFO - 下单结果: {'status': 'failed', 'error': '422 Client Error: Unprocessable Entity for url: https://api.hyperliquid.xyz/exchange'}
2025-07-08 20:23:19,755 - ERROR - 下单失败: {'status': 'failed', 'error': '422 Client Error: Unprocessable Entity for url: https://api.hyperliquid.xyz/exchange'}
2025-07-08 20:23:24,216 - INFO - 收到停止信号，正在关闭系统...
2025-07-08 20:23:24,217 - INFO - 套利引擎已停止
2025-07-08 20:23:24,217 - INFO - 最终统计 - 总收益: 0.000000 USDT, 交易次数: 0
2025-07-08 20:24:36,501 - INFO - 钱包配置已从 wallet.json 加载
2025-07-08 20:24:37,882 - INFO - [系统启动] 平台账户余额: 98.92 USDC, 可用保证金: 98.92 USDC
2025-07-08 20:24:37,883 - INFO - 启动资金费率套利系统...
2025-07-08 20:24:37,883 - INFO - 套利引擎已启动
2025-07-08 20:25:40,455 - INFO - [策略执行前] 平台账户余额: 98.92 USDC, 可用保证金: 98.92 USDC
2025-07-08 20:25:42,221 - INFO - 批量获取到 200 个资金费率
2025-07-08 20:25:42,225 - INFO - 找到套利机会: SOPH, 资金费率: -0.000317
2025-07-08 20:25:44,145 - INFO - 批量获取到 200 个价格
2025-07-08 20:25:45,617 - INFO - [策略执行中] 平台账户余额: 98.92 USDC, 可用保证金: 98.92 USDC
2025-07-08 20:25:45,628 - INFO - 下单payload: {"coin": "SOPH", "is_buy": true, "sz": 1.0, "limit_px": 0.030428, "order_type": {"market": {}}, "reduce_only": false, "nonce": 1751977545628, "address": "0xb26d7444d09a45b316fb4681e9c24c00ba4e62ec"}
2025-07-08 20:25:46,776 - ERROR - 下单失败: 422 Client Error: Unprocessable Entity for url: https://api.hyperliquid.xyz/exchange
2025-07-08 20:25:46,776 - INFO - 下单结果: {'status': 'failed', 'error': '422 Client Error: Unprocessable Entity for url: https://api.hyperliquid.xyz/exchange'}
2025-07-08 20:25:46,777 - ERROR - 下单失败: {'status': 'failed', 'error': '422 Client Error: Unprocessable Entity for url: https://api.hyperliquid.xyz/exchange'}
2025-07-08 20:25:55,850 - INFO - 收到停止信号，正在关闭系统...
2025-07-08 20:25:55,850 - INFO - 套利引擎已停止
2025-07-08 20:25:55,851 - INFO - 最终统计 - 总收益: 0.000000 USDT, 交易次数: 0
2025-07-08 20:29:57,213 - INFO - 钱包配置已从 wallet.json 加载
2025-07-08 20:29:59,804 - INFO - [系统启动] 平台账户余额: 98.92 USDC, 可用保证金: 98.92 USDC
2025-07-08 20:29:59,805 - INFO - 启动资金费率套利系统...
2025-07-08 20:29:59,805 - INFO - 套利引擎已启动
2025-07-08 20:31:01,561 - INFO - [策略执行前] 平台账户余额: 98.92 USDC, 可用保证金: 98.92 USDC
2025-07-08 20:32:03,013 - INFO - [策略执行前] 平台账户余额: 98.92 USDC, 可用保证金: 98.92 USDC
2025-07-08 20:33:05,622 - INFO - [策略执行前] 平台账户余额: 98.92 USDC, 可用保证金: 98.92 USDC
2025-07-08 20:33:07,388 - INFO - 批量获取到 200 个资金费率
2025-07-08 20:33:07,394 - INFO - 找到套利机会: SOPH, 资金费率: -0.000325
2025-07-08 20:33:12,762 - INFO - 批量获取到 200 个价格
2025-07-08 20:33:15,057 - INFO - [策略执行中] 平台账户余额: 98.92 USDC, 可用保证金: 98.92 USDC
2025-07-08 20:33:15,071 - ERROR - 下单失败: 'HyperliquidWalletAPI' object has no attribute 'config'
2025-07-08 20:33:15,071 - INFO - 下单结果: {'status': 'failed', 'error': "'HyperliquidWalletAPI' object has no attribute 'config'"}
2025-07-08 20:33:15,071 - ERROR - 下单失败: {'status': 'failed', 'error': "'HyperliquidWalletAPI' object has no attribute 'config'"}
2025-07-08 20:33:25,583 - INFO - 收到停止信号，正在关闭系统...
2025-07-08 20:33:25,583 - INFO - 套利引擎已停止
2025-07-08 20:33:25,583 - INFO - 最终统计 - 总收益: 0.000000 USDT, 交易次数: 0
2025-07-08 20:34:29,623 - INFO - 钱包配置已从 wallet.json 加载
2025-07-08 20:34:30,882 - INFO - [系统启动] 平台账户余额: 98.92 USDC, 可用保证金: 98.92 USDC
2025-07-08 20:34:30,883 - INFO - 启动资金费率套利系统...
2025-07-08 20:34:30,884 - INFO - 套利引擎已启动
2025-07-08 20:35:33,838 - INFO - [策略执行前] 平台账户余额: 98.92 USDC, 可用保证金: 98.92 USDC
2025-07-08 20:35:36,384 - INFO - 批量获取到 200 个资金费率
2025-07-08 20:35:36,386 - INFO - 找到套利机会: SOPH, 资金费率: -0.000337
2025-07-08 20:35:37,386 - INFO - 批量获取到 200 个价格
2025-07-08 20:35:38,900 - INFO - [策略执行中] 平台账户余额: 98.92 USDC, 可用保证金: 98.92 USDC
2025-07-08 20:35:38,914 - ERROR - 下单失败: 'HyperliquidWalletAPI' object has no attribute 'config'
2025-07-08 20:35:38,914 - INFO - 下单结果: {'status': 'failed', 'error': "'HyperliquidWalletAPI' object has no attribute 'config'"}
2025-07-08 20:35:38,914 - ERROR - 下单失败: {'status': 'failed', 'error': "'HyperliquidWalletAPI' object has no attribute 'config'"}
2025-07-08 20:36:40,607 - INFO - [策略执行前] 平台账户余额: 98.92 USDC, 可用保证金: 98.92 USDC
2025-07-08 20:36:41,839 - INFO - 批量获取到 200 个资金费率
2025-07-08 20:36:41,840 - INFO - 找到套利机会: SOPH, 资金费率: -0.000341
2025-07-08 20:36:42,825 - INFO - 批量获取到 200 个价格
2025-07-08 20:36:44,575 - INFO - [策略执行中] 平台账户余额: 98.92 USDC, 可用保证金: 98.92 USDC
2025-07-08 20:36:44,576 - ERROR - 下单失败: 'HyperliquidWalletAPI' object has no attribute 'config'
2025-07-08 20:36:44,576 - INFO - 下单结果: {'status': 'failed', 'error': "'HyperliquidWalletAPI' object has no attribute 'config'"}
2025-07-08 20:36:44,576 - ERROR - 下单失败: {'status': 'failed', 'error': "'HyperliquidWalletAPI' object has no attribute 'config'"}
2025-07-08 20:36:54,195 - INFO - 收到停止信号，正在关闭系统...
2025-07-08 20:36:54,196 - INFO - 套利引擎已停止
2025-07-08 20:36:54,196 - INFO - 最终统计 - 总收益: 0.000000 USDT, 交易次数: 0
2025-07-08 20:36:55,521 - INFO - 钱包配置已从 wallet.json 加载
2025-07-08 20:36:57,053 - INFO - [系统启动] 平台账户余额: 98.92 USDC, 可用保证金: 98.92 USDC
2025-07-08 20:36:57,053 - INFO - 启动资金费率套利系统...
2025-07-08 20:36:57,053 - INFO - 套利引擎已启动
2025-07-08 20:37:58,834 - INFO - [策略执行前] 平台账户余额: 98.92 USDC, 可用保证金: 98.92 USDC
2025-07-08 20:39:04,389 - INFO - [策略执行前] 平台账户余额: 98.92 USDC, 可用保证金: 98.92 USDC
2025-07-08 20:40:05,804 - INFO - [策略执行前] 平台账户余额: 98.92 USDC, 可用保证金: 98.92 USDC
2025-07-08 20:40:08,550 - INFO - 批量获取到 200 个资金费率
2025-07-08 20:40:08,553 - INFO - 找到套利机会: SOPH, 资金费率: -0.000347
2025-07-08 20:40:09,549 - INFO - 批量获取到 200 个价格
2025-07-08 20:40:10,852 - INFO - [策略执行中] 平台账户余额: 98.92 USDC, 可用保证金: 98.92 USDC
2025-07-08 20:40:10,856 - INFO - 下单payload: {"coin": "SOPH-PERP", "is_buy": true, "sz": 32.93048374880627, "order_type": {"market": {}}, "reduce_only": false, "nonce": 1751978410856, "address": "0xb26d7444d09a45b316fb4681e9c24c00ba4e62ec"}
2025-07-08 20:40:12,274 - ERROR - 下单失败: 422 Client Error: Unprocessable Entity for url: https://api.hyperliquid.xyz/exchange
2025-07-08 20:40:12,274 - INFO - 下单结果: {'status': 'failed', 'error': '422 Client Error: Unprocessable Entity for url: https://api.hyperliquid.xyz/exchange'}
2025-07-08 20:40:12,274 - ERROR - 下单失败: {'status': 'failed', 'error': '422 Client Error: Unprocessable Entity for url: https://api.hyperliquid.xyz/exchange'}
2025-07-08 20:41:13,871 - INFO - [策略执行前] 平台账户余额: 98.92 USDC, 可用保证金: 98.92 USDC
2025-07-08 20:41:14,766 - INFO - 批量获取到 200 个资金费率
2025-07-08 20:41:14,771 - INFO - 找到套利机会: SOPH, 资金费率: -0.000350
2025-07-08 20:41:15,829 - INFO - 批量获取到 200 个价格
2025-07-08 20:41:18,767 - INFO - [策略执行中] 平台账户余额: 98.92 USDC, 可用保证金: 98.92 USDC
2025-07-08 20:41:18,769 - INFO - 下单payload: {"coin": "SOPH-PERP", "is_buy": true, "sz": 32.93048374880627, "order_type": {"market": {}}, "reduce_only": false, "nonce": 1751978478769, "address": "0xb26d7444d09a45b316fb4681e9c24c00ba4e62ec"}
2025-07-08 20:41:19,228 - ERROR - 下单失败: 422 Client Error: Unprocessable Entity for url: https://api.hyperliquid.xyz/exchange
2025-07-08 20:41:19,228 - INFO - 下单结果: {'status': 'failed', 'error': '422 Client Error: Unprocessable Entity for url: https://api.hyperliquid.xyz/exchange'}
2025-07-08 20:41:19,229 - ERROR - 下单失败: {'status': 'failed', 'error': '422 Client Error: Unprocessable Entity for url: https://api.hyperliquid.xyz/exchange'}
2025-07-08 20:42:20,631 - INFO - [策略执行前] 平台账户余额: 98.92 USDC, 可用保证金: 98.92 USDC
2025-07-08 20:42:21,831 - INFO - 批量获取到 200 个资金费率
2025-07-08 20:42:21,836 - INFO - 找到套利机会: SOPH, 资金费率: -0.000353
2025-07-08 20:42:22,936 - INFO - 批量获取到 200 个价格
2025-07-08 20:42:25,874 - INFO - [策略执行中] 平台账户余额: 98.92 USDC, 可用保证金: 98.92 USDC
2025-07-08 20:42:25,875 - INFO - 下单payload: {"coin": "SOPH-PERP", "is_buy": true, "sz": 32.93482198728716, "order_type": {"market": {}}, "reduce_only": false, "nonce": 1751978545875, "address": "0xb26d7444d09a45b316fb4681e9c24c00ba4e62ec"}
2025-07-08 20:42:26,333 - ERROR - 下单失败: 422 Client Error: Unprocessable Entity for url: https://api.hyperliquid.xyz/exchange
2025-07-08 20:42:26,334 - INFO - 下单结果: {'status': 'failed', 'error': '422 Client Error: Unprocessable Entity for url: https://api.hyperliquid.xyz/exchange'}
2025-07-08 20:42:26,334 - ERROR - 下单失败: {'status': 'failed', 'error': '422 Client Error: Unprocessable Entity for url: https://api.hyperliquid.xyz/exchange'}
2025-07-08 20:42:31,519 - INFO - 收到停止信号，正在关闭系统...
2025-07-08 20:42:31,520 - INFO - 套利引擎已停止
2025-07-08 20:42:31,520 - INFO - 最终统计 - 总收益: 0.000000 USDT, 交易次数: 0
2025-07-09 00:23:16,650 - INFO - 钱包配置已从 wallet.json 加载
2025-07-09 00:23:18,575 - INFO - [系统启动] 平台账户余额: 98.92 USDC, 可用保证金: 98.92 USDC
2025-07-09 00:23:18,576 - INFO - 启动资金费率套利系统...
2025-07-09 00:23:18,576 - INFO - 套利引擎已启动
2025-07-09 00:24:20,063 - INFO - [策略执行前] 平台账户余额: 98.92 USDC, 可用保证金: 98.92 USDC
2025-07-09 00:24:22,771 - INFO - 批量获取到 200 个资金费率
2025-07-09 00:24:22,775 - INFO - 找到套利机会: SOPH, 资金费率: -0.000326
2025-07-09 00:24:23,813 - INFO - 批量获取到 200 个价格
2025-07-09 00:24:26,744 - INFO - [策略执行中] 平台账户余额: 98.92 USDC, 可用保证金: 98.92 USDC
2025-07-09 00:24:26,755 - INFO - 下单payload: {"coin": "SOPH-PERP", "is_buy": true, "sz": 32.91964315106824, "order_type": {"market": {}}, "reduce_only": false, "nonce": 1751991866755, "address": "0xb26d7444d09a45b316fb4681e9c24c00ba4e62ec"}
2025-07-09 00:24:28,842 - ERROR - 下单失败: 422 Client Error: Unprocessable Entity for url: https://api.hyperliquid.xyz/exchange
2025-07-09 00:24:28,842 - INFO - 下单结果: {'status': 'failed', 'error': '422 Client Error: Unprocessable Entity for url: https://api.hyperliquid.xyz/exchange'}
2025-07-09 00:24:28,842 - ERROR - 下单失败: {'status': 'failed', 'error': '422 Client Error: Unprocessable Entity for url: https://api.hyperliquid.xyz/exchange'}
2025-07-09 00:25:30,303 - INFO - [策略执行前] 平台账户余额: 98.92 USDC, 可用保证金: 98.92 USDC
2025-07-09 00:25:31,077 - INFO - 批量获取到 200 个资金费率
2025-07-09 00:25:31,082 - INFO - 找到套利机会: SOPH, 资金费率: -0.000327
2025-07-09 00:25:32,106 - INFO - 批量获取到 200 个价格
2025-07-09 00:25:34,549 - INFO - [策略执行中] 平台账户余额: 98.92 USDC, 可用保证金: 98.92 USDC
2025-07-09 00:25:34,549 - INFO - 下单payload: {"coin": "SOPH-PERP", "is_buy": true, "sz": 32.90123050602092, "order_type": {"market": {}}, "reduce_only": false, "nonce": 1751991934549, "address": "0xb26d7444d09a45b316fb4681e9c24c00ba4e62ec"}
2025-07-09 00:25:35,049 - ERROR - 下单失败: 422 Client Error: Unprocessable Entity for url: https://api.hyperliquid.xyz/exchange
2025-07-09 00:25:35,049 - INFO - 下单结果: {'status': 'failed', 'error': '422 Client Error: Unprocessable Entity for url: https://api.hyperliquid.xyz/exchange'}
2025-07-09 00:25:35,049 - ERROR - 下单失败: {'status': 'failed', 'error': '422 Client Error: Unprocessable Entity for url: https://api.hyperliquid.xyz/exchange'}
2025-07-09 00:25:39,802 - INFO - 收到停止信号，正在关闭系统...
2025-07-09 00:25:39,802 - INFO - 套利引擎已停止
2025-07-09 00:25:39,802 - INFO - 最终统计 - 总收益: 0.000000 USDT, 交易次数: 0
2025-07-09 00:30:19,559 - INFO - 钱包配置已从 wallet.json 加载
2025-07-09 00:30:21,071 - INFO - [系统启动] 平台账户余额: 98.92 USDC, 可用保证金: 98.92 USDC
2025-07-09 00:30:21,072 - INFO - 启动资金费率套利系统...
2025-07-09 00:30:21,073 - INFO - 套利引擎已启动
2025-07-09 00:31:22,961 - INFO - [策略执行前] 平台账户余额: 98.92 USDC, 可用保证金: 98.92 USDC
2025-07-09 00:31:25,123 - INFO - 批量获取到 200 个资金费率
2025-07-09 00:31:25,128 - INFO - 找到套利机会: SOPH, 资金费率: -0.000331
2025-07-09 00:31:26,150 - INFO - 批量获取到 200 个价格
2025-07-09 00:31:27,833 - INFO - [策略执行中] 平台账户余额: 98.92 USDC, 可用保证金: 98.92 USDC
2025-07-09 00:31:27,844 - INFO - 下单payload: {"coin": "SOPH-PERP", "is_buy": true, "sz": 32.82563025210084, "order_type": {"market": {}}, "reduce_only": false, "nonce": 1751992287844, "address": "0xb26d7444d09a45b316fb4681e9c24c00ba4e62ec"}
2025-07-09 00:31:29,263 - ERROR - 下单失败: 422 Client Error: Unprocessable Entity for url: https://api.hyperliquid.xyz/exchange
2025-07-09 00:31:29,264 - INFO - 下单结果: {'status': 'failed', 'error': '422 Client Error: Unprocessable Entity for url: https://api.hyperliquid.xyz/exchange'}
2025-07-09 00:31:29,264 - ERROR - 下单失败: {'status': 'failed', 'error': '422 Client Error: Unprocessable Entity for url: https://api.hyperliquid.xyz/exchange'}
2025-07-09 00:31:36,702 - INFO - 收到停止信号，正在关闭系统...
2025-07-09 00:31:36,703 - INFO - 套利引擎已停止
2025-07-09 00:31:36,703 - INFO - 最终统计 - 总收益: 0.000000 USDT, 交易次数: 0
2025-07-09 00:33:35,414 - INFO - 钱包配置已从 wallet.json 加载
2025-07-09 00:33:39,225 - INFO - [系统启动] 平台账户余额: 98.92 USDC, 可用保证金: 98.92 USDC
2025-07-09 00:33:39,227 - INFO - 启动资金费率套利系统...
2025-07-09 00:33:39,228 - INFO - 套利引擎已启动
2025-07-09 00:34:40,888 - INFO - [策略执行前] 平台账户余额: 98.92 USDC, 可用保证金: 98.92 USDC
2025-07-09 00:34:49,232 - INFO - 批量获取到 200 个资金费率
2025-07-09 00:34:49,236 - INFO - 找到套利机会: SOPH, 资金费率: -0.000336
2025-07-09 00:34:50,177 - INFO - 批量获取到 200 个价格
2025-07-09 00:34:52,407 - INFO - [策略执行中] 平台账户余额: 98.92 USDC, 可用保证金: 98.92 USDC
2025-07-09 00:34:52,418 - INFO - 下单payload: {"coin": "SOPH-PERP", "is_buy": true, "sz": 32.84180104436927, "order_type": {"market": {}}, "reduce_only": false, "nonce": 1751992492418, "address": "0xb26d7444d09a45b316fb4681e9c24c00ba4e62ec"}
2025-07-09 00:34:53,855 - ERROR - 下单失败: 422 Client Error: Unprocessable Entity for url: https://api.hyperliquid.xyz/exchange
2025-07-09 00:34:53,855 - INFO - 下单结果: {'status': 'failed', 'error': '422 Client Error: Unprocessable Entity for url: https://api.hyperliquid.xyz/exchange'}
2025-07-09 00:34:53,855 - ERROR - 下单失败: {'status': 'failed', 'error': '422 Client Error: Unprocessable Entity for url: https://api.hyperliquid.xyz/exchange'}
2025-07-09 00:35:13,880 - INFO - 收到停止信号，正在关闭系统...
2025-07-09 00:35:13,881 - INFO - 套利引擎已停止
2025-07-09 00:35:13,881 - INFO - 最终统计 - 总收益: 0.000000 USDT, 交易次数: 0
2025-07-09 00:47:39,986 - INFO - 钱包配置已从 wallet.json 加载
2025-07-09 00:47:41,501 - INFO - [系统启动] 平台账户余额: 98.881412 USDC, 可用保证金: 98.881412 USDC
2025-07-09 00:47:41,501 - INFO - 启动资金费率套利系统...
2025-07-09 00:47:41,502 - INFO - 套利引擎已启动
2025-07-09 00:48:42,980 - INFO - [策略执行前] 平台账户余额: 98.881412 USDC, 可用保证金: 98.881412 USDC
2025-07-09 00:48:47,986 - ERROR - 批量获取资金费率失败: HTTPSConnectionPool(host='api.hyperliquid.xyz', port=443): Max retries exceeded with url: /info (Caused by SSLError(SSLEOFError(8, '[SSL: UNEXPECTED_EOF_WHILE_READING] EOF occurred in violation of protocol (_ssl.c:1028)')))
2025-07-09 00:48:47,987 - WARNING - 无法获取资金费率数据
2025-07-09 00:48:47,987 - INFO - 未找到合适的套利机会
2025-07-09 00:49:52,944 - INFO - [策略执行前] 平台账户余额: 98.881412 USDC, 可用保证金: 98.881412 USDC
2025-07-09 00:49:54,987 - INFO - 批量获取到 200 个资金费率
2025-07-09 00:49:54,994 - INFO - 找到套利机会: SOPH, 资金费率: -0.000338
2025-07-09 00:49:56,629 - INFO - 批量获取到 200 个价格
2025-07-09 00:49:58,175 - INFO - [策略执行中] 平台账户余额: 98.881412 USDC, 可用保证金: 98.881412 USDC
2025-07-09 00:49:58,189 - INFO - 下单payload: {"coin": "SOPH-PERP", "is_buy": true, "sz": 32.809475376488734, "order_type": {"market": {}}, "reduce_only": false, "nonce": 1751993398189, "address": "0xb26d7444d09a45b316fb4681e9c24c00ba4e62ec"}
2025-07-09 00:49:59,451 - ERROR - 下单失败: 422 Client Error: Unprocessable Entity for url: https://api.hyperliquid.xyz/exchange
2025-07-09 00:49:59,452 - INFO - 下单结果: {'status': 'failed', 'error': '422 Client Error: Unprocessable Entity for url: https://api.hyperliquid.xyz/exchange'}
2025-07-09 00:49:59,452 - ERROR - 下单失败: {'status': 'failed', 'error': '422 Client Error: Unprocessable Entity for url: https://api.hyperliquid.xyz/exchange'}
2025-07-09 00:51:05,283 - INFO - [策略执行前] 平台账户余额: 98.881412 USDC, 可用保证金: 98.881412 USDC
2025-07-09 00:51:06,149 - INFO - 批量获取到 200 个资金费率
2025-07-09 00:51:06,154 - INFO - 找到套利机会: SOPH, 资金费率: -0.000337
2025-07-09 00:51:06,909 - INFO - 批量获取到 200 个价格
2025-07-09 00:51:09,609 - INFO - [策略执行中] 平台账户余额: 98.881412 USDC, 可用保证金: 98.881412 USDC
2025-07-09 00:51:09,610 - INFO - 下单payload: {"coin": "SOPH-PERP", "is_buy": true, "sz": 32.75895957544388, "order_type": {"market": {}}, "reduce_only": false, "nonce": 1751993469610, "address": "0xb26d7444d09a45b316fb4681e9c24c00ba4e62ec"}
2025-07-09 00:51:10,099 - ERROR - 下单失败: 422 Client Error: Unprocessable Entity for url: https://api.hyperliquid.xyz/exchange
2025-07-09 00:51:10,099 - INFO - 下单结果: {'status': 'failed', 'error': '422 Client Error: Unprocessable Entity for url: https://api.hyperliquid.xyz/exchange'}
2025-07-09 00:51:10,099 - ERROR - 下单失败: {'status': 'failed', 'error': '422 Client Error: Unprocessable Entity for url: https://api.hyperliquid.xyz/exchange'}
2025-07-09 00:51:36,810 - INFO - 收到停止信号，正在关闭系统...
2025-07-09 00:51:36,810 - INFO - 套利引擎已停止
2025-07-09 00:51:36,810 - INFO - 最终统计 - 总收益: 0.000000 USDT, 交易次数: 0
2025-07-09 00:51:54,036 - INFO - 钱包配置已从 wallet.json 加载
2025-07-09 00:52:01,770 - INFO - [系统启动] 平台账户余额: 98.881412 USDC, 可用保证金: 98.881412 USDC
2025-07-09 00:52:01,770 - INFO - 启动资金费率套利系统...
2025-07-09 00:52:01,771 - INFO - 套利引擎已启动
2025-07-09 00:53:05,215 - INFO - [策略执行前] 平台账户余额: 98.881412 USDC, 可用保证金: 98.881412 USDC
2025-07-09 00:53:07,477 - INFO - 批量获取到 200 个资金费率
2025-07-09 00:53:07,483 - INFO - 找到套利机会: SOPH, 资金费率: -0.000337
2025-07-09 00:53:08,460 - INFO - 批量获取到 200 个价格
2025-07-09 00:53:09,779 - INFO - [策略执行中] 平台账户余额: 98.881412 USDC, 可用保证金: 98.881412 USDC
2025-07-09 00:53:09,780 - INFO - SOPH-PERP minSz: 0.0, tickSz: 1.0, 计算后 sz: 32426.514068341312
2025-07-09 00:53:09,780 - INFO - 最终用于下单的 sz: 0.0
2025-07-09 00:53:09,793 - INFO - 下单payload: {"coin": "SOPH-PERP", "is_buy": true, "sz": 32.79333639404473, "order_type": {"market": {}}, "reduce_only": false, "nonce": 1751993589792, "address": "0xb26d7444d09a45b316fb4681e9c24c00ba4e62ec"}
2025-07-09 00:53:11,107 - ERROR - 下单失败: 422 Client Error: Unprocessable Entity for url: https://api.hyperliquid.xyz/exchange
2025-07-09 00:53:11,108 - INFO - 下单结果: {'status': 'failed', 'error': '422 Client Error: Unprocessable Entity for url: https://api.hyperliquid.xyz/exchange'}
2025-07-09 00:53:11,108 - ERROR - 下单失败: {'status': 'failed', 'error': '422 Client Error: Unprocessable Entity for url: https://api.hyperliquid.xyz/exchange'}
2025-07-09 00:54:12,657 - INFO - [策略执行前] 平台账户余额: 98.812408 USDC, 可用保证金: 98.812408 USDC
2025-07-09 00:54:13,684 - INFO - 批量获取到 200 个资金费率
2025-07-09 00:54:13,685 - INFO - 找到套利机会: SOPH, 资金费率: -0.000336
2025-07-09 00:54:14,644 - INFO - 批量获取到 200 个价格
2025-07-09 00:54:15,949 - INFO - [策略执行中] 平台账户余额: 98.812408 USDC, 可用保证金: 98.812408 USDC
2025-07-09 00:54:15,950 - INFO - SOPH-PERP minSz: 0.0, tickSz: 1.0, 计算后 sz: 32435.795693277312
2025-07-09 00:54:15,950 - INFO - 最终用于下单的 sz: 0.0
2025-07-09 00:54:15,950 - INFO - 下单payload: {"coin": "SOPH-PERP", "is_buy": true, "sz": 32.82563025210084, "order_type": {"market": {}}, "reduce_only": false, "nonce": 1751993655950, "address": "0xb26d7444d09a45b316fb4681e9c24c00ba4e62ec"}
2025-07-09 00:54:16,946 - ERROR - 下单失败: 422 Client Error: Unprocessable Entity for url: https://api.hyperliquid.xyz/exchange
2025-07-09 00:54:16,946 - INFO - 下单结果: {'status': 'failed', 'error': '422 Client Error: Unprocessable Entity for url: https://api.hyperliquid.xyz/exchange'}
2025-07-09 00:54:16,946 - ERROR - 下单失败: {'status': 'failed', 'error': '422 Client Error: Unprocessable Entity for url: https://api.hyperliquid.xyz/exchange'}
2025-07-09 00:55:20,259 - INFO - [策略执行前] 平台账户余额: 98.812408 USDC, 可用保证金: 98.812408 USDC
2025-07-09 00:55:21,170 - INFO - 批量获取到 200 个资金费率
2025-07-09 00:55:21,173 - INFO - 找到套利机会: SOPH, 资金费率: -0.000335
2025-07-09 00:55:22,523 - INFO - 批量获取到 200 个价格
2025-07-09 00:55:24,400 - INFO - [策略执行中] 平台账户余额: 98.812408 USDC, 可用保证金: 98.812408 USDC
2025-07-09 00:55:24,401 - INFO - SOPH-PERP minSz: 0.0, tickSz: 1.0, 计算后 sz: 32458.17035114805
2025-07-09 00:55:24,401 - INFO - 最终用于下单的 sz: 0.0
2025-07-09 00:55:24,401 - INFO - 下单payload: {"coin": "SOPH-PERP", "is_buy": true, "sz": 32.84827382321059, "order_type": {"market": {}}, "reduce_only": false, "nonce": 1751993724401, "address": "0xb26d7444d09a45b316fb4681e9c24c00ba4e62ec"}
2025-07-09 00:55:24,908 - ERROR - 下单失败: 422 Client Error: Unprocessable Entity for url: https://api.hyperliquid.xyz/exchange
2025-07-09 00:55:24,909 - INFO - 下单结果: {'status': 'failed', 'error': '422 Client Error: Unprocessable Entity for url: https://api.hyperliquid.xyz/exchange'}
2025-07-09 00:55:24,909 - ERROR - 下单失败: {'status': 'failed', 'error': '422 Client Error: Unprocessable Entity for url: https://api.hyperliquid.xyz/exchange'}
2025-07-09 00:55:44,247 - INFO - 收到停止信号，正在关闭系统...
2025-07-09 00:55:44,247 - INFO - 套利引擎已停止
2025-07-09 00:55:44,247 - INFO - 最终统计 - 总收益: 0.000000 USDT, 交易次数: 0
2025-07-09 00:57:42,864 - INFO - 钱包配置已从 wallet.json 加载
2025-07-09 00:57:44,155 - INFO - [系统启动] 平台账户余额: 98.812408 USDC, 可用保证金: 98.812408 USDC
2025-07-09 00:57:44,155 - INFO - 启动资金费率套利系统...
2025-07-09 00:57:44,156 - INFO - 套利引擎已启动
2025-07-09 00:58:45,882 - INFO - [策略执行前] 平台账户余额: 98.812408 USDC, 可用保证金: 98.812408 USDC
2025-07-09 00:58:47,849 - INFO - 批量获取到 200 个资金费率
2025-07-09 00:58:47,853 - INFO - 找到套利机会: SOPH, 资金费率: -0.000333
2025-07-09 00:58:49,048 - INFO - 批量获取到 200 个价格
2025-07-09 00:58:50,651 - INFO - [策略执行中] 平台账户余额: 98.812408 USDC, 可用保证金: 98.812408 USDC
2025-07-09 00:58:50,651 - INFO - SOPH-PERP minSz: 0.0, tickSz: 1.0, 计算后 sz: 32458.17035114805
2025-07-09 00:58:50,651 - INFO - 最终用于下单的 sz: 0.0
2025-07-09 00:58:50,662 - INFO - 下单payload: {"coin": "SOPH-PERP", "is_buy": true, "sz": 32.84827382321059, "order_type": {"market": {}}, "reduce_only": false, "nonce": 1751993930662, "address": "0xb26d7444d09a45b316fb4681e9c24c00ba4e62ec"}
2025-07-09 00:58:53,652 - ERROR - 下单失败: 422 Client Error: Unprocessable Entity for url: https://api.hyperliquid.xyz/exchange
2025-07-09 00:58:53,652 - INFO - 下单结果: {'status': 'failed', 'error': '422 Client Error: Unprocessable Entity for url: https://api.hyperliquid.xyz/exchange'}
2025-07-09 00:58:53,652 - ERROR - 下单失败: {'status': 'failed', 'error': '422 Client Error: Unprocessable Entity for url: https://api.hyperliquid.xyz/exchange'}
2025-07-09 00:59:55,073 - INFO - [策略执行前] 平台账户余额: 98.812408 USDC, 可用保证金: 98.812408 USDC
2025-07-09 00:59:56,854 - INFO - 批量获取到 200 个资金费率
2025-07-09 00:59:56,857 - INFO - 找到套利机会: SOPH, 资金费率: -0.000332
2025-07-09 00:59:57,864 - INFO - 批量获取到 200 个价格
2025-07-09 00:59:59,078 - INFO - [策略执行中] 平台账户余额: 98.812408 USDC, 可用保证金: 98.812408 USDC
2025-07-09 00:59:59,078 - INFO - SOPH-PERP minSz: 0.0, tickSz: 1.0, 计算后 sz: 32458.17035114805
2025-07-09 00:59:59,078 - INFO - 最终用于下单的 sz: 0.0
2025-07-09 00:59:59,079 - INFO - 下单payload: {"coin": "SOPH-PERP", "is_buy": true, "sz": 32.84827382321059, "order_type": {"market": {}}, "reduce_only": false, "nonce": 1751993999079, "address": "0xb26d7444d09a45b316fb4681e9c24c00ba4e62ec"}
2025-07-09 00:59:59,898 - ERROR - 下单失败: 422 Client Error: Unprocessable Entity for url: https://api.hyperliquid.xyz/exchange
2025-07-09 00:59:59,898 - INFO - 下单结果: {'status': 'failed', 'error': '422 Client Error: Unprocessable Entity for url: https://api.hyperliquid.xyz/exchange'}
2025-07-09 00:59:59,898 - ERROR - 下单失败: {'status': 'failed', 'error': '422 Client Error: Unprocessable Entity for url: https://api.hyperliquid.xyz/exchange'}
2025-07-09 01:00:02,705 - INFO - 收到停止信号，正在关闭系统...
2025-07-09 01:00:02,705 - INFO - 套利引擎已停止
2025-07-09 01:00:02,705 - INFO - 最终统计 - 总收益: 0.000000 USDT, 交易次数: 0
